<?xml version='1.0'?>
<ns2:test-suite xmlns:ns2='urn:model.allure.qatools.yandex.ru' start='1635243319454' stop='1635243338072'>
    <name>Login Form TestSuite</name>
    <title>Login Form TestSuite</title>
    <test-cases>
        <test-case start='1635243336020' status='passed' stop='1635243336132'>
            <name>Login page</name>
            <title>Login page</title>
            <labels/>
            <parameters/>
            <steps/>
            <attachments/>
        </test-case>
        <test-case start='1635243336132' status='failed' stop='1635243338021'>
            <name>Invalid credentials</name>
            <title>Invalid credentials</title>
            <labels/>
            <parameters/>
            <steps/>
            <attachments/>
            <failure>
                <message>Failed: No element found using locator: By(xpath, //li[contains(text(), 'Authentication failed.')])</message>
                <stack-trace>NoSuchElementError: No element found using locator: By(xpath, //li[contains(text(), 'Authentication failed.')])
                    at C:\Users\nkanamadi\Documents\Project\ProtractorDemoTest\node_modules\protractor\built\element.js:814:27
                    at ManagedPromise.invokeCallback_ (C:\Users\nkanamadi\Documents\Project\ProtractorDemoTest\node_modules\selenium-webdriver\lib\promise.js:1376:14)
                    at TaskQueue.execute_ (C:\Users\nkanamadi\Documents\Project\ProtractorDemoTest\node_modules\selenium-webdriver\lib\promise.js:3084:14)
                    at TaskQueue.executeNext_ (C:\Users\nkanamadi\Documents\Project\ProtractorDemoTest\node_modules\selenium-webdriver\lib\promise.js:3067:27)
                    at C:\Users\nkanamadi\Documents\Project\ProtractorDemoTest\node_modules\selenium-webdriver\lib\promise.js:2927:27
                    at C:\Users\nkanamadi\Documents\Project\ProtractorDemoTest\node_modules\selenium-webdriver\lib\promise.js:668:7
                    at processTicksAndRejections (internal/process/task_queues.js:97:5)Error
                    at ElementArrayFinder.applyAction_ (C:\Users\nkanamadi\Documents\Project\ProtractorDemoTest\node_modules\protractor\built\element.js:459:27)
                    at ElementArrayFinder.&lt;computed> [as isDisplayed] (C:\Users\nkanamadi\Documents\Project\ProtractorDemoTest\node_modules\protractor\built\element.js:91:29)
                    at ElementFinder.&lt;computed> [as isDisplayed] (C:\Users\nkanamadi\Documents\Project\ProtractorDemoTest\node_modules\protractor\built\element.js:831:22)
                    at signinform.verifyAuthenticationFailedErrorMsg (C:\Users\nkanamadi\Documents\Project\ProtractorDemoTest\pages\signinform.js:69:36)
                    at UserContext.&lt;anonymous> (C:\Users\nkanamadi\Documents\Project\ProtractorDemoTest\tests\LoginFormTest.js:37:16)
                    at C:\Users\nkanamadi\Documents\Project\ProtractorDemoTest\node_modules\jasminewd2\index.js:112:25
                    at new ManagedPromise (C:\Users\nkanamadi\Documents\Project\ProtractorDemoTest\node_modules\selenium-webdriver\lib\promise.js:1077:7)
                    at ControlFlow.promise (C:\Users\nkanamadi\Documents\Project\ProtractorDemoTest\node_modules\selenium-webdriver\lib\promise.js:2505:12)
                    at schedulerExecute (C:\Users\nkanamadi\Documents\Project\ProtractorDemoTest\node_modules\jasminewd2\index.js:95:18)
                    at TaskQueue.execute_ (C:\Users\nkanamadi\Documents\Project\ProtractorDemoTest\node_modules\selenium-webdriver\lib\promise.js:3084:14)
                From: Task: Run it("Invalid credentials") in control flow
                    at UserContext.&lt;anonymous> (C:\Users\nkanamadi\Documents\Project\ProtractorDemoTest\node_modules\jasminewd2\index.js:94:19)
                    at attempt (C:\Users\nkanamadi\Documents\Project\ProtractorDemoTest\node_modules\protractor\node_modules\jasmine-core\lib\jasmine-core\jasmine.js:4297:26)
                    at QueueRunner.run (C:\Users\nkanamadi\Documents\Project\ProtractorDemoTest\node_modules\protractor\node_modules\jasmine-core\lib\jasmine-core\jasmine.js:4217:20)
                    at QueueRunner.execute (C:\Users\nkanamadi\Documents\Project\ProtractorDemoTest\node_modules\protractor\node_modules\jasmine-core\lib\jasmine-core\jasmine.js:4199:10)
                    at Spec.queueRunnerFactory (C:\Users\nkanamadi\Documents\Project\ProtractorDemoTest\node_modules\protractor\node_modules\jasmine-core\lib\jasmine-core\jasmine.js:909:35)
                    at Spec.execute (C:\Users\nkanamadi\Documents\Project\ProtractorDemoTest\node_modules\protractor\node_modules\jasmine-core\lib\jasmine-core\jasmine.js:526:10)
                    at UserContext.fn (C:\Users\nkanamadi\Documents\Project\ProtractorDemoTest\node_modules\protractor\node_modules\jasmine-core\lib\jasmine-core\jasmine.js:5340:37)
                    at attempt (C:\Users\nkanamadi\Documents\Project\ProtractorDemoTest\node_modules\protractor\node_modules\jasmine-core\lib\jasmine-core\jasmine.js:4297:26)
                    at QueueRunner.run (C:\Users\nkanamadi\Documents\Project\ProtractorDemoTest\node_modules\protractor\node_modules\jasmine-core\lib\jasmine-core\jasmine.js:4217:20)
                    at runNext (C:\Users\nkanamadi\Documents\Project\ProtractorDemoTest\node_modules\protractor\node_modules\jasmine-core\lib\jasmine-core\jasmine.js:4257:20)
                From asynchronous test: 
                Error
                    at Suite.&lt;anonymous> (C:\Users\nkanamadi\Documents\Project\ProtractorDemoTest\tests\LoginFormTest.js:31:3)
                    at addSpecsToSuite (C:\Users\nkanamadi\Documents\Project\ProtractorDemoTest\node_modules\protractor\node_modules\jasmine-core\lib\jasmine-core\jasmine.js:1107:25)
                    at Env.describe (C:\Users\nkanamadi\Documents\Project\ProtractorDemoTest\node_modules\protractor\node_modules\jasmine-core\lib\jasmine-core\jasmine.js:1074:7)
                    at describe (C:\Users\nkanamadi\Documents\Project\ProtractorDemoTest\node_modules\protractor\node_modules\jasmine-core\lib\jasmine-core\jasmine.js:4399:18)
                    at Object.&lt;anonymous> (C:\Users\nkanamadi\Documents\Project\ProtractorDemoTest\tests\LoginFormTest.js:6:1)
                    at Module._compile (internal/modules/cjs/loader.js:1158:30)
                    at Object.Module._extensions..js (internal/modules/cjs/loader.js:1178:10)
                    at Module.load (internal/modules/cjs/loader.js:1002:32)
                    at Function.Module._load (internal/modules/cjs/loader.js:901:14)</stack-trace>
            </failure>
        </test-case>
        <test-case start='1635243338021' status='failed' stop='1635243338039'>
            <name>Login without credentials</name>
            <title>Login without credentials</title>
            <labels/>
            <parameters/>
            <steps/>
            <attachments/>
            <failure>
                <message>Failed: No element found using locator: By(css selector, *[id="email"])</message>
                <stack-trace>NoSuchElementError: No element found using locator: By(css selector, *[id="email"])
                    at C:\Users\nkanamadi\Documents\Project\ProtractorDemoTest\node_modules\protractor\built\element.js:814:27
                    at ManagedPromise.invokeCallback_ (C:\Users\nkanamadi\Documents\Project\ProtractorDemoTest\node_modules\selenium-webdriver\lib\promise.js:1376:14)
                    at TaskQueue.execute_ (C:\Users\nkanamadi\Documents\Project\ProtractorDemoTest\node_modules\selenium-webdriver\lib\promise.js:3084:14)
                    at TaskQueue.executeNext_ (C:\Users\nkanamadi\Documents\Project\ProtractorDemoTest\node_modules\selenium-webdriver\lib\promise.js:3067:27)
                    at C:\Users\nkanamadi\Documents\Project\ProtractorDemoTest\node_modules\selenium-webdriver\lib\promise.js:2927:27
                    at C:\Users\nkanamadi\Documents\Project\ProtractorDemoTest\node_modules\selenium-webdriver\lib\promise.js:668:7
                    at processTicksAndRejections (internal/process/task_queues.js:97:5)Error
                    at ElementArrayFinder.applyAction_ (C:\Users\nkanamadi\Documents\Project\ProtractorDemoTest\node_modules\protractor\built\element.js:459:27)
                    at ElementArrayFinder.&lt;computed> [as clear] (C:\Users\nkanamadi\Documents\Project\ProtractorDemoTest\node_modules\protractor\built\element.js:91:29)
                    at ElementFinder.&lt;computed> [as clear] (C:\Users\nkanamadi\Documents\Project\ProtractorDemoTest\node_modules\protractor\built\element.js:831:22)
                    at signinform.setEmailAddress (C:\Users\nkanamadi\Documents\Project\ProtractorDemoTest\pages\signinform.js:28:27)
                    at UserContext.&lt;anonymous> (C:\Users\nkanamadi\Documents\Project\ProtractorDemoTest\tests\LoginFormTest.js:56:16)
                    at C:\Users\nkanamadi\Documents\Project\ProtractorDemoTest\node_modules\jasminewd2\index.js:112:25
                    at new ManagedPromise (C:\Users\nkanamadi\Documents\Project\ProtractorDemoTest\node_modules\selenium-webdriver\lib\promise.js:1077:7)
                    at ControlFlow.promise (C:\Users\nkanamadi\Documents\Project\ProtractorDemoTest\node_modules\selenium-webdriver\lib\promise.js:2505:12)
                    at schedulerExecute (C:\Users\nkanamadi\Documents\Project\ProtractorDemoTest\node_modules\jasminewd2\index.js:95:18)
                    at TaskQueue.execute_ (C:\Users\nkanamadi\Documents\Project\ProtractorDemoTest\node_modules\selenium-webdriver\lib\promise.js:3084:14)
                From: Task: Run it("Login without credentials") in control flow
                    at UserContext.&lt;anonymous> (C:\Users\nkanamadi\Documents\Project\ProtractorDemoTest\node_modules\jasminewd2\index.js:94:19)
                    at attempt (C:\Users\nkanamadi\Documents\Project\ProtractorDemoTest\node_modules\protractor\node_modules\jasmine-core\lib\jasmine-core\jasmine.js:4297:26)
                    at QueueRunner.run (C:\Users\nkanamadi\Documents\Project\ProtractorDemoTest\node_modules\protractor\node_modules\jasmine-core\lib\jasmine-core\jasmine.js:4217:20)
                    at QueueRunner.execute (C:\Users\nkanamadi\Documents\Project\ProtractorDemoTest\node_modules\protractor\node_modules\jasmine-core\lib\jasmine-core\jasmine.js:4199:10)
                    at Spec.queueRunnerFactory (C:\Users\nkanamadi\Documents\Project\ProtractorDemoTest\node_modules\protractor\node_modules\jasmine-core\lib\jasmine-core\jasmine.js:909:35)
                    at Spec.execute (C:\Users\nkanamadi\Documents\Project\ProtractorDemoTest\node_modules\protractor\node_modules\jasmine-core\lib\jasmine-core\jasmine.js:526:10)
                    at UserContext.fn (C:\Users\nkanamadi\Documents\Project\ProtractorDemoTest\node_modules\protractor\node_modules\jasmine-core\lib\jasmine-core\jasmine.js:5340:37)
                    at attempt (C:\Users\nkanamadi\Documents\Project\ProtractorDemoTest\node_modules\protractor\node_modules\jasmine-core\lib\jasmine-core\jasmine.js:4297:26)
                    at QueueRunner.run (C:\Users\nkanamadi\Documents\Project\ProtractorDemoTest\node_modules\protractor\node_modules\jasmine-core\lib\jasmine-core\jasmine.js:4217:20)
                    at runNext (C:\Users\nkanamadi\Documents\Project\ProtractorDemoTest\node_modules\protractor\node_modules\jasmine-core\lib\jasmine-core\jasmine.js:4257:20)
                From asynchronous test: 
                Error
                    at Suite.&lt;anonymous> (C:\Users\nkanamadi\Documents\Project\ProtractorDemoTest\tests\LoginFormTest.js:54:3)
                    at addSpecsToSuite (C:\Users\nkanamadi\Documents\Project\ProtractorDemoTest\node_modules\protractor\node_modules\jasmine-core\lib\jasmine-core\jasmine.js:1107:25)
                    at Env.describe (C:\Users\nkanamadi\Documents\Project\ProtractorDemoTest\node_modules\protractor\node_modules\jasmine-core\lib\jasmine-core\jasmine.js:1074:7)
                    at describe (C:\Users\nkanamadi\Documents\Project\ProtractorDemoTest\node_modules\protractor\node_modules\jasmine-core\lib\jasmine-core\jasmine.js:4399:18)
                    at Object.&lt;anonymous> (C:\Users\nkanamadi\Documents\Project\ProtractorDemoTest\tests\LoginFormTest.js:6:1)
                    at Module._compile (internal/modules/cjs/loader.js:1158:30)
                    at Object.Module._extensions..js (internal/modules/cjs/loader.js:1178:10)
                    at Module.load (internal/modules/cjs/loader.js:1002:32)
                    at Function.Module._load (internal/modules/cjs/loader.js:901:14)</stack-trace>
            </failure>
        </test-case>
        <test-case start='1635243338039' status='failed' stop='1635243338051'>
            <name>Email Format highlighted Red/Green</name>
            <title>Email Format highlighted Red/Green</title>
            <labels/>
            <parameters/>
            <steps/>
            <attachments/>
            <failure>
                <message>Failed: No element found using locator: By(css selector, *[id="email"])</message>
                <stack-trace>NoSuchElementError: No element found using locator: By(css selector, *[id="email"])
                    at C:\Users\nkanamadi\Documents\Project\ProtractorDemoTest\node_modules\protractor\built\element.js:814:27
                    at ManagedPromise.invokeCallback_ (C:\Users\nkanamadi\Documents\Project\ProtractorDemoTest\node_modules\selenium-webdriver\lib\promise.js:1376:14)
                    at TaskQueue.execute_ (C:\Users\nkanamadi\Documents\Project\ProtractorDemoTest\node_modules\selenium-webdriver\lib\promise.js:3084:14)
                    at TaskQueue.executeNext_ (C:\Users\nkanamadi\Documents\Project\ProtractorDemoTest\node_modules\selenium-webdriver\lib\promise.js:3067:27)
                    at C:\Users\nkanamadi\Documents\Project\ProtractorDemoTest\node_modules\selenium-webdriver\lib\promise.js:2927:27
                    at C:\Users\nkanamadi\Documents\Project\ProtractorDemoTest\node_modules\selenium-webdriver\lib\promise.js:668:7
                    at processTicksAndRejections (internal/process/task_queues.js:97:5)Error
                    at ElementArrayFinder.applyAction_ (C:\Users\nkanamadi\Documents\Project\ProtractorDemoTest\node_modules\protractor\built\element.js:459:27)
                    at ElementArrayFinder.&lt;computed> [as clear] (C:\Users\nkanamadi\Documents\Project\ProtractorDemoTest\node_modules\protractor\built\element.js:91:29)
                    at ElementFinder.&lt;computed> [as clear] (C:\Users\nkanamadi\Documents\Project\ProtractorDemoTest\node_modules\protractor\built\element.js:831:22)
                    at signinform.setEmailAddress (C:\Users\nkanamadi\Documents\Project\ProtractorDemoTest\pages\signinform.js:28:27)
                    at UserContext.&lt;anonymous> (C:\Users\nkanamadi\Documents\Project\ProtractorDemoTest\tests\LoginFormTest.js:80:16)
                    at C:\Users\nkanamadi\Documents\Project\ProtractorDemoTest\node_modules\jasminewd2\index.js:112:25
                    at new ManagedPromise (C:\Users\nkanamadi\Documents\Project\ProtractorDemoTest\node_modules\selenium-webdriver\lib\promise.js:1077:7)
                    at ControlFlow.promise (C:\Users\nkanamadi\Documents\Project\ProtractorDemoTest\node_modules\selenium-webdriver\lib\promise.js:2505:12)
                    at schedulerExecute (C:\Users\nkanamadi\Documents\Project\ProtractorDemoTest\node_modules\jasminewd2\index.js:95:18)
                    at TaskQueue.execute_ (C:\Users\nkanamadi\Documents\Project\ProtractorDemoTest\node_modules\selenium-webdriver\lib\promise.js:3084:14)
                From: Task: Run it("Email Format highlighted Red/Green") in control flow
                    at UserContext.&lt;anonymous> (C:\Users\nkanamadi\Documents\Project\ProtractorDemoTest\node_modules\jasminewd2\index.js:94:19)
                    at attempt (C:\Users\nkanamadi\Documents\Project\ProtractorDemoTest\node_modules\protractor\node_modules\jasmine-core\lib\jasmine-core\jasmine.js:4297:26)
                    at QueueRunner.run (C:\Users\nkanamadi\Documents\Project\ProtractorDemoTest\node_modules\protractor\node_modules\jasmine-core\lib\jasmine-core\jasmine.js:4217:20)
                    at QueueRunner.execute (C:\Users\nkanamadi\Documents\Project\ProtractorDemoTest\node_modules\protractor\node_modules\jasmine-core\lib\jasmine-core\jasmine.js:4199:10)
                    at Spec.queueRunnerFactory (C:\Users\nkanamadi\Documents\Project\ProtractorDemoTest\node_modules\protractor\node_modules\jasmine-core\lib\jasmine-core\jasmine.js:909:35)
                    at Spec.execute (C:\Users\nkanamadi\Documents\Project\ProtractorDemoTest\node_modules\protractor\node_modules\jasmine-core\lib\jasmine-core\jasmine.js:526:10)
                    at UserContext.fn (C:\Users\nkanamadi\Documents\Project\ProtractorDemoTest\node_modules\protractor\node_modules\jasmine-core\lib\jasmine-core\jasmine.js:5340:37)
                    at attempt (C:\Users\nkanamadi\Documents\Project\ProtractorDemoTest\node_modules\protractor\node_modules\jasmine-core\lib\jasmine-core\jasmine.js:4297:26)
                    at QueueRunner.run (C:\Users\nkanamadi\Documents\Project\ProtractorDemoTest\node_modules\protractor\node_modules\jasmine-core\lib\jasmine-core\jasmine.js:4217:20)
                    at runNext (C:\Users\nkanamadi\Documents\Project\ProtractorDemoTest\node_modules\protractor\node_modules\jasmine-core\lib\jasmine-core\jasmine.js:4257:20)
                From asynchronous test: 
                Error
                    at Suite.&lt;anonymous> (C:\Users\nkanamadi\Documents\Project\ProtractorDemoTest\tests\LoginFormTest.js:78:3)
                    at addSpecsToSuite (C:\Users\nkanamadi\Documents\Project\ProtractorDemoTest\node_modules\protractor\node_modules\jasmine-core\lib\jasmine-core\jasmine.js:1107:25)
                    at Env.describe (C:\Users\nkanamadi\Documents\Project\ProtractorDemoTest\node_modules\protractor\node_modules\jasmine-core\lib\jasmine-core\jasmine.js:1074:7)
                    at describe (C:\Users\nkanamadi\Documents\Project\ProtractorDemoTest\node_modules\protractor\node_modules\jasmine-core\lib\jasmine-core\jasmine.js:4399:18)
                    at Object.&lt;anonymous> (C:\Users\nkanamadi\Documents\Project\ProtractorDemoTest\tests\LoginFormTest.js:6:1)
                    at Module._compile (internal/modules/cjs/loader.js:1158:30)
                    at Object.Module._extensions..js (internal/modules/cjs/loader.js:1178:10)
                    at Module.load (internal/modules/cjs/loader.js:1002:32)
                    at Function.Module._load (internal/modules/cjs/loader.js:901:14)</stack-trace>
            </failure>
        </test-case>
        <test-case start='1635243338051' status='failed' stop='1635243338061'>
            <name>Successful Login</name>
            <title>Successful Login</title>
            <labels/>
            <parameters/>
            <steps/>
            <attachments/>
            <failure>
                <message>Failed: No element found using locator: By(css selector, *[id="email"])</message>
                <stack-trace>NoSuchElementError: No element found using locator: By(css selector, *[id="email"])
                    at C:\Users\nkanamadi\Documents\Project\ProtractorDemoTest\node_modules\protractor\built\element.js:814:27
                    at ManagedPromise.invokeCallback_ (C:\Users\nkanamadi\Documents\Project\ProtractorDemoTest\node_modules\selenium-webdriver\lib\promise.js:1376:14)
                    at TaskQueue.execute_ (C:\Users\nkanamadi\Documents\Project\ProtractorDemoTest\node_modules\selenium-webdriver\lib\promise.js:3084:14)
                    at TaskQueue.executeNext_ (C:\Users\nkanamadi\Documents\Project\ProtractorDemoTest\node_modules\selenium-webdriver\lib\promise.js:3067:27)
                    at C:\Users\nkanamadi\Documents\Project\ProtractorDemoTest\node_modules\selenium-webdriver\lib\promise.js:2927:27
                    at C:\Users\nkanamadi\Documents\Project\ProtractorDemoTest\node_modules\selenium-webdriver\lib\promise.js:668:7
                    at processTicksAndRejections (internal/process/task_queues.js:97:5)Error
                    at ElementArrayFinder.applyAction_ (C:\Users\nkanamadi\Documents\Project\ProtractorDemoTest\node_modules\protractor\built\element.js:459:27)
                    at ElementArrayFinder.&lt;computed> [as clear] (C:\Users\nkanamadi\Documents\Project\ProtractorDemoTest\node_modules\protractor\built\element.js:91:29)
                    at ElementFinder.&lt;computed> [as clear] (C:\Users\nkanamadi\Documents\Project\ProtractorDemoTest\node_modules\protractor\built\element.js:831:22)
                    at signinform.setEmailAddress (C:\Users\nkanamadi\Documents\Project\ProtractorDemoTest\pages\signinform.js:28:27)
                    at UserContext.&lt;anonymous> (C:\Users\nkanamadi\Documents\Project\ProtractorDemoTest\tests\LoginFormTest.js:105:16)
                    at C:\Users\nkanamadi\Documents\Project\ProtractorDemoTest\node_modules\jasminewd2\index.js:112:25
                    at new ManagedPromise (C:\Users\nkanamadi\Documents\Project\ProtractorDemoTest\node_modules\selenium-webdriver\lib\promise.js:1077:7)
                    at ControlFlow.promise (C:\Users\nkanamadi\Documents\Project\ProtractorDemoTest\node_modules\selenium-webdriver\lib\promise.js:2505:12)
                    at schedulerExecute (C:\Users\nkanamadi\Documents\Project\ProtractorDemoTest\node_modules\jasminewd2\index.js:95:18)
                    at TaskQueue.execute_ (C:\Users\nkanamadi\Documents\Project\ProtractorDemoTest\node_modules\selenium-webdriver\lib\promise.js:3084:14)
                From: Task: Run it("Successful Login") in control flow
                    at UserContext.&lt;anonymous> (C:\Users\nkanamadi\Documents\Project\ProtractorDemoTest\node_modules\jasminewd2\index.js:94:19)
                    at attempt (C:\Users\nkanamadi\Documents\Project\ProtractorDemoTest\node_modules\protractor\node_modules\jasmine-core\lib\jasmine-core\jasmine.js:4297:26)
                    at QueueRunner.run (C:\Users\nkanamadi\Documents\Project\ProtractorDemoTest\node_modules\protractor\node_modules\jasmine-core\lib\jasmine-core\jasmine.js:4217:20)
                    at QueueRunner.execute (C:\Users\nkanamadi\Documents\Project\ProtractorDemoTest\node_modules\protractor\node_modules\jasmine-core\lib\jasmine-core\jasmine.js:4199:10)
                    at Spec.queueRunnerFactory (C:\Users\nkanamadi\Documents\Project\ProtractorDemoTest\node_modules\protractor\node_modules\jasmine-core\lib\jasmine-core\jasmine.js:909:35)
                    at Spec.execute (C:\Users\nkanamadi\Documents\Project\ProtractorDemoTest\node_modules\protractor\node_modules\jasmine-core\lib\jasmine-core\jasmine.js:526:10)
                    at UserContext.fn (C:\Users\nkanamadi\Documents\Project\ProtractorDemoTest\node_modules\protractor\node_modules\jasmine-core\lib\jasmine-core\jasmine.js:5340:37)
                    at attempt (C:\Users\nkanamadi\Documents\Project\ProtractorDemoTest\node_modules\protractor\node_modules\jasmine-core\lib\jasmine-core\jasmine.js:4297:26)
                    at QueueRunner.run (C:\Users\nkanamadi\Documents\Project\ProtractorDemoTest\node_modules\protractor\node_modules\jasmine-core\lib\jasmine-core\jasmine.js:4217:20)
                    at runNext (C:\Users\nkanamadi\Documents\Project\ProtractorDemoTest\node_modules\protractor\node_modules\jasmine-core\lib\jasmine-core\jasmine.js:4257:20)
                From asynchronous test: 
                Error
                    at Suite.&lt;anonymous> (C:\Users\nkanamadi\Documents\Project\ProtractorDemoTest\tests\LoginFormTest.js:103:3)
                    at addSpecsToSuite (C:\Users\nkanamadi\Documents\Project\ProtractorDemoTest\node_modules\protractor\node_modules\jasmine-core\lib\jasmine-core\jasmine.js:1107:25)
                    at Env.describe (C:\Users\nkanamadi\Documents\Project\ProtractorDemoTest\node_modules\protractor\node_modules\jasmine-core\lib\jasmine-core\jasmine.js:1074:7)
                    at describe (C:\Users\nkanamadi\Documents\Project\ProtractorDemoTest\node_modules\protractor\node_modules\jasmine-core\lib\jasmine-core\jasmine.js:4399:18)
                    at Object.&lt;anonymous> (C:\Users\nkanamadi\Documents\Project\ProtractorDemoTest\tests\LoginFormTest.js:6:1)
                    at Module._compile (internal/modules/cjs/loader.js:1158:30)
                    at Object.Module._extensions..js (internal/modules/cjs/loader.js:1178:10)
                    at Module.load (internal/modules/cjs/loader.js:1002:32)
                    at Function.Module._load (internal/modules/cjs/loader.js:901:14)</stack-trace>
            </failure>
        </test-case>
    </test-cases>
</ns2:test-suite>