<?xml version='1.0'?>
<ns2:test-suite xmlns:ns2='urn:model.allure.qatools.yandex.ru' start='1635245727542' stop='1635245912055'>
    <name>Login Form TestSuite</name>
    <title>Login Form TestSuite</title>
    <test-cases>
        <test-case start='1635245744332' status='passed' stop='1635245744445'>
            <name>Login page</name>
            <title>Login page</title>
            <labels/>
            <parameters/>
            <steps/>
            <attachments/>
        </test-case>
        <test-case start='1635245744445' status='passed' stop='1635245770093'>
            <name>Invalid credentials</name>
            <title>Invalid credentials</title>
            <labels/>
            <parameters/>
            <steps/>
            <attachments/>
        </test-case>
        <test-case start='1635245770093' status='failed' stop='1635245870103'>
            <name>Login without credentials</name>
            <title>Login without credentials</title>
            <labels/>
            <parameters/>
            <steps/>
            <attachments/>
            <failure>
                <message>Error: Timeout - Async callback was not invoked within timeout specified by jasmine.DEFAULT_TIMEOUT_INTERVAL.</message>
                <stack-trace>Error: Timeout - Async callback was not invoked within timeout specified by jasmine.DEFAULT_TIMEOUT_INTERVAL.
                    at Timeout._onTimeout (C:\Users\nkanamadi\Documents\Project\ProtractorDemoTest\node_modules\protractor\node_modules\jasmine-core\lib\jasmine-core\jasmine.js:4281:23)
                    at listOnTimeout (internal/timers.js:549:17)
                    at processTimers (internal/timers.js:492:7)</stack-trace>
            </failure>
        </test-case>
        <test-case start='1635245870103' status='failed' stop='1635245911992'>
            <name>Email Format highlighted Red/Green</name>
            <title>Email Format highlighted Red/Green</title>
            <labels/>
            <parameters/>
            <steps/>
            <attachments/>
            <failure>
                <message>Failed: No element found using locator: By(css selector, *[id="email"])</message>
                <stack-trace>NoSuchElementError: No element found using locator: By(css selector, *[id="email"])
                    at C:\Users\nkanamadi\Documents\Project\ProtractorDemoTest\node_modules\protractor\built\element.js:814:27
                    at ManagedPromise.invokeCallback_ (C:\Users\nkanamadi\Documents\Project\ProtractorDemoTest\node_modules\selenium-webdriver\lib\promise.js:1376:14)
                    at TaskQueue.execute_ (C:\Users\nkanamadi\Documents\Project\ProtractorDemoTest\node_modules\selenium-webdriver\lib\promise.js:3084:14)
                    at TaskQueue.executeNext_ (C:\Users\nkanamadi\Documents\Project\ProtractorDemoTest\node_modules\selenium-webdriver\lib\promise.js:3067:27)
                    at C:\Users\nkanamadi\Documents\Project\ProtractorDemoTest\node_modules\selenium-webdriver\lib\promise.js:2927:27
                    at C:\Users\nkanamadi\Documents\Project\ProtractorDemoTest\node_modules\selenium-webdriver\lib\promise.js:668:7
                    at processTicksAndRejections (internal/process/task_queues.js:97:5)Error
                    at ElementArrayFinder.applyAction_ (C:\Users\nkanamadi\Documents\Project\ProtractorDemoTest\node_modules\protractor\built\element.js:459:27)
                    at ElementArrayFinder.&lt;computed> [as clear] (C:\Users\nkanamadi\Documents\Project\ProtractorDemoTest\node_modules\protractor\built\element.js:91:29)
                    at ElementFinder.&lt;computed> [as clear] (C:\Users\nkanamadi\Documents\Project\ProtractorDemoTest\node_modules\protractor\built\element.js:831:22)
                    at signinform.setEmailAddress (C:\Users\nkanamadi\Documents\Project\ProtractorDemoTest\pages\signinform.js:28:27)
                    at UserContext.&lt;anonymous> (C:\Users\nkanamadi\Documents\Project\ProtractorDemoTest\tests\LoginFormTest.js:80:16)
                    at C:\Users\nkanamadi\Documents\Project\ProtractorDemoTest\node_modules\jasminewd2\index.js:112:25
                    at new ManagedPromise (C:\Users\nkanamadi\Documents\Project\ProtractorDemoTest\node_modules\selenium-webdriver\lib\promise.js:1077:7)
                    at ControlFlow.promise (C:\Users\nkanamadi\Documents\Project\ProtractorDemoTest\node_modules\selenium-webdriver\lib\promise.js:2505:12)
                    at schedulerExecute (C:\Users\nkanamadi\Documents\Project\ProtractorDemoTest\node_modules\jasminewd2\index.js:95:18)
                    at TaskQueue.execute_ (C:\Users\nkanamadi\Documents\Project\ProtractorDemoTest\node_modules\selenium-webdriver\lib\promise.js:3084:14)
                From: Task: Run it("Email Format highlighted Red/Green") in control flow
                    at UserContext.&lt;anonymous> (C:\Users\nkanamadi\Documents\Project\ProtractorDemoTest\node_modules\jasminewd2\index.js:94:19)
                    at attempt (C:\Users\nkanamadi\Documents\Project\ProtractorDemoTest\node_modules\protractor\node_modules\jasmine-core\lib\jasmine-core\jasmine.js:4297:26)
                    at QueueRunner.run (C:\Users\nkanamadi\Documents\Project\ProtractorDemoTest\node_modules\protractor\node_modules\jasmine-core\lib\jasmine-core\jasmine.js:4217:20)
                    at QueueRunner.execute (C:\Users\nkanamadi\Documents\Project\ProtractorDemoTest\node_modules\protractor\node_modules\jasmine-core\lib\jasmine-core\jasmine.js:4199:10)
                    at Spec.queueRunnerFactory (C:\Users\nkanamadi\Documents\Project\ProtractorDemoTest\node_modules\protractor\node_modules\jasmine-core\lib\jasmine-core\jasmine.js:909:35)
                    at Spec.execute (C:\Users\nkanamadi\Documents\Project\ProtractorDemoTest\node_modules\protractor\node_modules\jasmine-core\lib\jasmine-core\jasmine.js:526:10)
                    at UserContext.fn (C:\Users\nkanamadi\Documents\Project\ProtractorDemoTest\node_modules\protractor\node_modules\jasmine-core\lib\jasmine-core\jasmine.js:5340:37)
                    at attempt (C:\Users\nkanamadi\Documents\Project\ProtractorDemoTest\node_modules\protractor\node_modules\jasmine-core\lib\jasmine-core\jasmine.js:4297:26)
                    at QueueRunner.run (C:\Users\nkanamadi\Documents\Project\ProtractorDemoTest\node_modules\protractor\node_modules\jasmine-core\lib\jasmine-core\jasmine.js:4217:20)
                    at runNext (C:\Users\nkanamadi\Documents\Project\ProtractorDemoTest\node_modules\protractor\node_modules\jasmine-core\lib\jasmine-core\jasmine.js:4257:20)
                From asynchronous test: 
                Error
                    at Suite.&lt;anonymous> (C:\Users\nkanamadi\Documents\Project\ProtractorDemoTest\tests\LoginFormTest.js:78:3)
                    at addSpecsToSuite (C:\Users\nkanamadi\Documents\Project\ProtractorDemoTest\node_modules\protractor\node_modules\jasmine-core\lib\jasmine-core\jasmine.js:1107:25)
                    at Env.describe (C:\Users\nkanamadi\Documents\Project\ProtractorDemoTest\node_modules\protractor\node_modules\jasmine-core\lib\jasmine-core\jasmine.js:1074:7)
                    at describe (C:\Users\nkanamadi\Documents\Project\ProtractorDemoTest\node_modules\protractor\node_modules\jasmine-core\lib\jasmine-core\jasmine.js:4399:18)
                    at Object.&lt;anonymous> (C:\Users\nkanamadi\Documents\Project\ProtractorDemoTest\tests\LoginFormTest.js:6:1)
                    at Module._compile (internal/modules/cjs/loader.js:1158:30)
                    at Object.Module._extensions..js (internal/modules/cjs/loader.js:1178:10)
                    at Module.load (internal/modules/cjs/loader.js:1002:32)
                    at Function.Module._load (internal/modules/cjs/loader.js:901:14)</stack-trace>
            </failure>
        </test-case>
        <test-case start='1635245911992' status='failed' stop='1635245912036'>
            <name>Successful Login</name>
            <title>Successful Login</title>
            <labels/>
            <parameters/>
            <steps/>
            <attachments/>
            <failure>
                <message>Failed: no such window: target window already closed
                from unknown error: web view not found
                  (Session info: chrome=94.0.4606.81)
                  (Driver info: chromedriver=94.0.4606.61 (418b78f5838ed0b1c69bb4e51ea0252171854915-refs/branch-heads/4606@{#1204}),platform=Windows NT 10.0.18363 x86_64)</message>
                <stack-trace>NoSuchWindowError: no such window: target window already closed
                from unknown error: web view not found
                  (Session info: chrome=94.0.4606.81)
                  (Driver info: chromedriver=94.0.4606.61 (418b78f5838ed0b1c69bb4e51ea0252171854915-refs/branch-heads/4606@{#1204}),platform=Windows NT 10.0.18363 x86_64)
                    at Object.checkLegacyResponse (C:\Users\nkanamadi\Documents\Project\ProtractorDemoTest\node_modules\selenium-webdriver\lib\error.js:546:15)
                    at parseHttpResponse (C:\Users\nkanamadi\Documents\Project\ProtractorDemoTest\node_modules\selenium-webdriver\lib\http.js:509:13)
                    at C:\Users\nkanamadi\Documents\Project\ProtractorDemoTest\node_modules\selenium-webdriver\lib\http.js:441:30
                    at processTicksAndRejections (internal/process/task_queues.js:97:5)
                From: Task: WebDriver.findElements(By(css selector, *[id="email"]))
                    at Driver.schedule (C:\Users\nkanamadi\Documents\Project\ProtractorDemoTest\node_modules\selenium-webdriver\lib\webdriver.js:807:17)
                    at Driver.findElements (C:\Users\nkanamadi\Documents\Project\ProtractorDemoTest\node_modules\selenium-webdriver\lib\webdriver.js:1048:19)
                    at C:\Users\nkanamadi\Documents\Project\ProtractorDemoTest\node_modules\protractor\built\element.js:159:44
                    at ManagedPromise.invokeCallback_ (C:\Users\nkanamadi\Documents\Project\ProtractorDemoTest\node_modules\selenium-webdriver\lib\promise.js:1376:14)
                    at TaskQueue.execute_ (C:\Users\nkanamadi\Documents\Project\ProtractorDemoTest\node_modules\selenium-webdriver\lib\promise.js:3084:14)
                    at TaskQueue.executeNext_ (C:\Users\nkanamadi\Documents\Project\ProtractorDemoTest\node_modules\selenium-webdriver\lib\promise.js:3067:27)
                    at C:\Users\nkanamadi\Documents\Project\ProtractorDemoTest\node_modules\selenium-webdriver\lib\promise.js:2927:27
                    at C:\Users\nkanamadi\Documents\Project\ProtractorDemoTest\node_modules\selenium-webdriver\lib\promise.js:668:7
                    at processTicksAndRejections (internal/process/task_queues.js:97:5)Error
                    at ElementArrayFinder.applyAction_ (C:\Users\nkanamadi\Documents\Project\ProtractorDemoTest\node_modules\protractor\built\element.js:459:27)
                    at ElementArrayFinder.&lt;computed> [as clear] (C:\Users\nkanamadi\Documents\Project\ProtractorDemoTest\node_modules\protractor\built\element.js:91:29)
                    at ElementFinder.&lt;computed> [as clear] (C:\Users\nkanamadi\Documents\Project\ProtractorDemoTest\node_modules\protractor\built\element.js:831:22)
                    at signinform.setEmailAddress (C:\Users\nkanamadi\Documents\Project\ProtractorDemoTest\pages\signinform.js:28:27)
                    at UserContext.&lt;anonymous> (C:\Users\nkanamadi\Documents\Project\ProtractorDemoTest\tests\LoginFormTest.js:105:16)
                    at C:\Users\nkanamadi\Documents\Project\ProtractorDemoTest\node_modules\jasminewd2\index.js:112:25
                    at new ManagedPromise (C:\Users\nkanamadi\Documents\Project\ProtractorDemoTest\node_modules\selenium-webdriver\lib\promise.js:1077:7)
                    at ControlFlow.promise (C:\Users\nkanamadi\Documents\Project\ProtractorDemoTest\node_modules\selenium-webdriver\lib\promise.js:2505:12)
                    at schedulerExecute (C:\Users\nkanamadi\Documents\Project\ProtractorDemoTest\node_modules\jasminewd2\index.js:95:18)
                    at TaskQueue.execute_ (C:\Users\nkanamadi\Documents\Project\ProtractorDemoTest\node_modules\selenium-webdriver\lib\promise.js:3084:14)
                From: Task: Run it("Successful Login") in control flow
                    at UserContext.&lt;anonymous> (C:\Users\nkanamadi\Documents\Project\ProtractorDemoTest\node_modules\jasminewd2\index.js:94:19)
                    at attempt (C:\Users\nkanamadi\Documents\Project\ProtractorDemoTest\node_modules\protractor\node_modules\jasmine-core\lib\jasmine-core\jasmine.js:4297:26)
                    at QueueRunner.run (C:\Users\nkanamadi\Documents\Project\ProtractorDemoTest\node_modules\protractor\node_modules\jasmine-core\lib\jasmine-core\jasmine.js:4217:20)
                    at QueueRunner.execute (C:\Users\nkanamadi\Documents\Project\ProtractorDemoTest\node_modules\protractor\node_modules\jasmine-core\lib\jasmine-core\jasmine.js:4199:10)
                    at Spec.queueRunnerFactory (C:\Users\nkanamadi\Documents\Project\ProtractorDemoTest\node_modules\protractor\node_modules\jasmine-core\lib\jasmine-core\jasmine.js:909:35)
                    at Spec.execute (C:\Users\nkanamadi\Documents\Project\ProtractorDemoTest\node_modules\protractor\node_modules\jasmine-core\lib\jasmine-core\jasmine.js:526:10)
                    at UserContext.fn (C:\Users\nkanamadi\Documents\Project\ProtractorDemoTest\node_modules\protractor\node_modules\jasmine-core\lib\jasmine-core\jasmine.js:5340:37)
                    at attempt (C:\Users\nkanamadi\Documents\Project\ProtractorDemoTest\node_modules\protractor\node_modules\jasmine-core\lib\jasmine-core\jasmine.js:4297:26)
                    at QueueRunner.run (C:\Users\nkanamadi\Documents\Project\ProtractorDemoTest\node_modules\protractor\node_modules\jasmine-core\lib\jasmine-core\jasmine.js:4217:20)
                    at runNext (C:\Users\nkanamadi\Documents\Project\ProtractorDemoTest\node_modules\protractor\node_modules\jasmine-core\lib\jasmine-core\jasmine.js:4257:20)
                From asynchronous test: 
                Error
                    at Suite.&lt;anonymous> (C:\Users\nkanamadi\Documents\Project\ProtractorDemoTest\tests\LoginFormTest.js:103:3)
                    at addSpecsToSuite (C:\Users\nkanamadi\Documents\Project\ProtractorDemoTest\node_modules\protractor\node_modules\jasmine-core\lib\jasmine-core\jasmine.js:1107:25)
                    at Env.describe (C:\Users\nkanamadi\Documents\Project\ProtractorDemoTest\node_modules\protractor\node_modules\jasmine-core\lib\jasmine-core\jasmine.js:1074:7)
                    at describe (C:\Users\nkanamadi\Documents\Project\ProtractorDemoTest\node_modules\protractor\node_modules\jasmine-core\lib\jasmine-core\jasmine.js:4399:18)
                    at Object.&lt;anonymous> (C:\Users\nkanamadi\Documents\Project\ProtractorDemoTest\tests\LoginFormTest.js:6:1)
                    at Module._compile (internal/modules/cjs/loader.js:1158:30)
                    at Object.Module._extensions..js (internal/modules/cjs/loader.js:1178:10)
                    at Module.load (internal/modules/cjs/loader.js:1002:32)
                    at Function.Module._load (internal/modules/cjs/loader.js:901:14)</stack-trace>
            </failure>
        </test-case>
    </test-cases>
</ns2:test-suite>