<?xml version='1.0'?>
<ns2:test-suite xmlns:ns2='urn:model.allure.qatools.yandex.ru' start='1635245727730' stop='1635245910550'>
    <name>Create Account TestSuite</name>
    <title>Create Account TestSuite</title>
    <test-cases>
        <test-case start='1635245742883' status='passed' stop='1635245748698'>
            <name>Empty email validation</name>
            <title>Empty email validation</title>
            <labels/>
            <parameters/>
            <steps/>
            <attachments/>
        </test-case>
        <test-case start='1635245748699' status='passed' stop='1635245757443'>
            <name>Wrong Email validation</name>
            <title>Wrong Email validation</title>
            <labels/>
            <parameters/>
            <steps/>
            <attachments/>
        </test-case>
        <test-case start='1635245757443' status='passed' stop='1635245765608'>
            <name>Registered Email validation</name>
            <title>Registered Email validation</title>
            <labels/>
            <parameters/>
            <steps/>
            <attachments/>
        </test-case>
        <test-case start='1635245765608' status='passed' stop='1635245775872'>
            <name>Correct Email validation</name>
            <title>Correct Email validation</title>
            <labels/>
            <parameters/>
            <steps/>
            <attachments/>
        </test-case>
        <test-case start='1635245775872' status='passed' stop='1635245777247'>
            <name>Personal info field validation</name>
            <title>Personal info field validation</title>
            <labels/>
            <parameters/>
            <steps/>
            <attachments/>
        </test-case>
        <test-case start='1635245777247' status='failed' stop='1635245877259'>
            <name>required fields empty</name>
            <title>required fields empty</title>
            <labels/>
            <parameters/>
            <steps/>
            <attachments/>
            <failure>
                <message>Error: Timeout - Async callback was not invoked within timeout specified by jasmine.DEFAULT_TIMEOUT_INTERVAL.</message>
                <stack-trace>Error: Timeout - Async callback was not invoked within timeout specified by jasmine.DEFAULT_TIMEOUT_INTERVAL.
                    at Timeout._onTimeout (C:\Users\nkanamadi\Documents\Project\ProtractorDemoTest\node_modules\protractor\node_modules\jasmine-core\lib\jasmine-core\jasmine.js:4281:23)
                    at listOnTimeout (internal/timers.js:549:17)
                    at processTimers (internal/timers.js:492:7)</stack-trace>
            </failure>
        </test-case>
        <test-case start='1635245877259' status='failed' stop='1635245910477'>
            <name>required fields Input format</name>
            <title>required fields Input format</title>
            <labels/>
            <parameters/>
            <steps/>
            <attachments/>
            <failure>
                <message>Failed: Element taking too long to appear in the DOM
                Wait timed out after 33195ms</message>
                <stack-trace>TimeoutError: Element taking too long to appear in the DOM
                Wait timed out after 33195ms
                    at C:\Users\nkanamadi\Documents\Project\ProtractorDemoTest\node_modules\selenium-webdriver\lib\promise.js:2201:17
                    at ManagedPromise.invokeCallback_ (C:\Users\nkanamadi\Documents\Project\ProtractorDemoTest\node_modules\selenium-webdriver\lib\promise.js:1376:14)
                    at TaskQueue.execute_ (C:\Users\nkanamadi\Documents\Project\ProtractorDemoTest\node_modules\selenium-webdriver\lib\promise.js:3084:14)
                    at TaskQueue.executeNext_ (C:\Users\nkanamadi\Documents\Project\ProtractorDemoTest\node_modules\selenium-webdriver\lib\promise.js:3067:27)
                    at C:\Users\nkanamadi\Documents\Project\ProtractorDemoTest\node_modules\selenium-webdriver\lib\promise.js:2927:27
                    at C:\Users\nkanamadi\Documents\Project\ProtractorDemoTest\node_modules\selenium-webdriver\lib\promise.js:668:7
                    at runMicrotasks (&lt;anonymous>)
                    at processTicksAndRejections (internal/process/task_queues.js:97:5)
                From: Task: Element taking too long to appear in the DOM
                    at scheduleWait (C:\Users\nkanamadi\Documents\Project\ProtractorDemoTest\node_modules\selenium-webdriver\lib\promise.js:2188:20)
                    at ControlFlow.wait (C:\Users\nkanamadi\Documents\Project\ProtractorDemoTest\node_modules\selenium-webdriver\lib\promise.js:2517:12)
                    at Driver.wait (C:\Users\nkanamadi\Documents\Project\ProtractorDemoTest\node_modules\selenium-webdriver\lib\webdriver.js:934:29)
                    at run (C:\Users\nkanamadi\Documents\Project\ProtractorDemoTest\node_modules\protractor\built\browser.js:58:33)
                    at ProtractorBrowser.to.&lt;computed> [as wait] (C:\Users\nkanamadi\Documents\Project\ProtractorDemoTest\node_modules\protractor\built\browser.js:66:16)
                    at createaccountform.setCustomerEmail (C:\Users\nkanamadi\Documents\Project\ProtractorDemoTest\pages\createaccountform.js:175:17)
                    at UserContext.&lt;anonymous> (C:\Users\nkanamadi\Documents\Project\ProtractorDemoTest\tests\CreateAccountTest.js:113:27)
                    at C:\Users\nkanamadi\Documents\Project\ProtractorDemoTest\node_modules\jasminewd2\index.js:112:25
                    at new ManagedPromise (C:\Users\nkanamadi\Documents\Project\ProtractorDemoTest\node_modules\selenium-webdriver\lib\promise.js:1077:7)
                    at ControlFlow.promise (C:\Users\nkanamadi\Documents\Project\ProtractorDemoTest\node_modules\selenium-webdriver\lib\promise.js:2505:12)
                From: Task: Run it("required fields Input format") in control flow
                    at UserContext.&lt;anonymous> (C:\Users\nkanamadi\Documents\Project\ProtractorDemoTest\node_modules\jasminewd2\index.js:94:19)
                    at attempt (C:\Users\nkanamadi\Documents\Project\ProtractorDemoTest\node_modules\protractor\node_modules\jasmine-core\lib\jasmine-core\jasmine.js:4297:26)
                    at QueueRunner.run (C:\Users\nkanamadi\Documents\Project\ProtractorDemoTest\node_modules\protractor\node_modules\jasmine-core\lib\jasmine-core\jasmine.js:4217:20)
                    at QueueRunner.execute (C:\Users\nkanamadi\Documents\Project\ProtractorDemoTest\node_modules\protractor\node_modules\jasmine-core\lib\jasmine-core\jasmine.js:4199:10)
                    at Spec.queueRunnerFactory (C:\Users\nkanamadi\Documents\Project\ProtractorDemoTest\node_modules\protractor\node_modules\jasmine-core\lib\jasmine-core\jasmine.js:909:35)
                    at Spec.execute (C:\Users\nkanamadi\Documents\Project\ProtractorDemoTest\node_modules\protractor\node_modules\jasmine-core\lib\jasmine-core\jasmine.js:526:10)
                    at UserContext.fn (C:\Users\nkanamadi\Documents\Project\ProtractorDemoTest\node_modules\protractor\node_modules\jasmine-core\lib\jasmine-core\jasmine.js:5340:37)
                    at attempt (C:\Users\nkanamadi\Documents\Project\ProtractorDemoTest\node_modules\protractor\node_modules\jasmine-core\lib\jasmine-core\jasmine.js:4297:26)
                    at QueueRunner.run (C:\Users\nkanamadi\Documents\Project\ProtractorDemoTest\node_modules\protractor\node_modules\jasmine-core\lib\jasmine-core\jasmine.js:4217:20)
                    at runNext (C:\Users\nkanamadi\Documents\Project\ProtractorDemoTest\node_modules\protractor\node_modules\jasmine-core\lib\jasmine-core\jasmine.js:4257:20)
                From asynchronous test: 
                Error
                    at Suite.&lt;anonymous> (C:\Users\nkanamadi\Documents\Project\ProtractorDemoTest\tests\CreateAccountTest.js:109:5)
                    at addSpecsToSuite (C:\Users\nkanamadi\Documents\Project\ProtractorDemoTest\node_modules\protractor\node_modules\jasmine-core\lib\jasmine-core\jasmine.js:1107:25)
                    at Env.describe (C:\Users\nkanamadi\Documents\Project\ProtractorDemoTest\node_modules\protractor\node_modules\jasmine-core\lib\jasmine-core\jasmine.js:1074:7)
                    at describe (C:\Users\nkanamadi\Documents\Project\ProtractorDemoTest\node_modules\protractor\node_modules\jasmine-core\lib\jasmine-core\jasmine.js:4399:18)
                    at Object.&lt;anonymous> (C:\Users\nkanamadi\Documents\Project\ProtractorDemoTest\tests\CreateAccountTest.js:6:1)
                    at Module._compile (internal/modules/cjs/loader.js:1158:30)
                    at Object.Module._extensions..js (internal/modules/cjs/loader.js:1178:10)
                    at Module.load (internal/modules/cjs/loader.js:1002:32)
                    at Function.Module._load (internal/modules/cjs/loader.js:901:14)</stack-trace>
            </failure>
        </test-case>
        <test-case start='1635245910477' status='failed' stop='1635245910543'>
            <name>Create account successfully</name>
            <title>Create account successfully</title>
            <labels/>
            <parameters/>
            <steps/>
            <attachments/>
            <failure>
                <message>Failed: no such window: target window already closed
                from unknown error: web view not found
                  (Session info: chrome=94.0.4606.81)
                  (Driver info: chromedriver=94.0.4606.61 (418b78f5838ed0b1c69bb4e51ea0252171854915-refs/branch-heads/4606@{#1204}),platform=Windows NT 10.0.18363 x86_64)</message>
                <stack-trace>NoSuchWindowError: no such window: target window already closed
                from unknown error: web view not found
                  (Session info: chrome=94.0.4606.81)
                  (Driver info: chromedriver=94.0.4606.61 (418b78f5838ed0b1c69bb4e51ea0252171854915-refs/branch-heads/4606@{#1204}),platform=Windows NT 10.0.18363 x86_64)
                    at Object.checkLegacyResponse (C:\Users\nkanamadi\Documents\Project\ProtractorDemoTest\node_modules\selenium-webdriver\lib\error.js:546:15)
                    at parseHttpResponse (C:\Users\nkanamadi\Documents\Project\ProtractorDemoTest\node_modules\selenium-webdriver\lib\http.js:509:13)
                    at C:\Users\nkanamadi\Documents\Project\ProtractorDemoTest\node_modules\selenium-webdriver\lib\http.js:441:30
                    at runMicrotasks (&lt;anonymous>)
                    at processTicksAndRejections (internal/process/task_queues.js:97:5)
                From: Task: WebDriver.findElements(By(css selector, *[id="customer_firstname"]))
                    at Driver.schedule (C:\Users\nkanamadi\Documents\Project\ProtractorDemoTest\node_modules\selenium-webdriver\lib\webdriver.js:807:17)
                    at Driver.findElements (C:\Users\nkanamadi\Documents\Project\ProtractorDemoTest\node_modules\selenium-webdriver\lib\webdriver.js:1048:19)
                    at C:\Users\nkanamadi\Documents\Project\ProtractorDemoTest\node_modules\protractor\built\element.js:159:44
                    at ManagedPromise.invokeCallback_ (C:\Users\nkanamadi\Documents\Project\ProtractorDemoTest\node_modules\selenium-webdriver\lib\promise.js:1376:14)
                    at TaskQueue.execute_ (C:\Users\nkanamadi\Documents\Project\ProtractorDemoTest\node_modules\selenium-webdriver\lib\promise.js:3084:14)
                    at TaskQueue.executeNext_ (C:\Users\nkanamadi\Documents\Project\ProtractorDemoTest\node_modules\selenium-webdriver\lib\promise.js:3067:27)
                    at C:\Users\nkanamadi\Documents\Project\ProtractorDemoTest\node_modules\selenium-webdriver\lib\promise.js:2927:27
                    at C:\Users\nkanamadi\Documents\Project\ProtractorDemoTest\node_modules\selenium-webdriver\lib\promise.js:668:7
                    at runMicrotasks (&lt;anonymous>)
                    at processTicksAndRejections (internal/process/task_queues.js:97:5)
                From: Task: &lt;anonymous>
                    at pollCondition (C:\Users\nkanamadi\Documents\Project\ProtractorDemoTest\node_modules\selenium-webdriver\lib\promise.js:2195:19)
                    at C:\Users\nkanamadi\Documents\Project\ProtractorDemoTest\node_modules\selenium-webdriver\lib\promise.js:2191:7
                    at new ManagedPromise (C:\Users\nkanamadi\Documents\Project\ProtractorDemoTest\node_modules\selenium-webdriver\lib\promise.js:1077:7)
                    at ControlFlow.promise (C:\Users\nkanamadi\Documents\Project\ProtractorDemoTest\node_modules\selenium-webdriver\lib\promise.js:2505:12)
                    at C:\Users\nkanamadi\Documents\Project\ProtractorDemoTest\node_modules\selenium-webdriver\lib\promise.js:2190:22
                    at TaskQueue.execute_ (C:\Users\nkanamadi\Documents\Project\ProtractorDemoTest\node_modules\selenium-webdriver\lib\promise.js:3084:14)
                    at TaskQueue.executeNext_ (C:\Users\nkanamadi\Documents\Project\ProtractorDemoTest\node_modules\selenium-webdriver\lib\promise.js:3067:27)
                    at C:\Users\nkanamadi\Documents\Project\ProtractorDemoTest\node_modules\selenium-webdriver\lib\promise.js:2974:25
                    at C:\Users\nkanamadi\Documents\Project\ProtractorDemoTest\node_modules\selenium-webdriver\lib\promise.js:668:7
                    at runMicrotasks (&lt;anonymous>)
                From: Task: Element taking too long to appear in the DOM
                    at scheduleWait (C:\Users\nkanamadi\Documents\Project\ProtractorDemoTest\node_modules\selenium-webdriver\lib\promise.js:2188:20)
                    at ControlFlow.wait (C:\Users\nkanamadi\Documents\Project\ProtractorDemoTest\node_modules\selenium-webdriver\lib\promise.js:2517:12)
                    at Driver.wait (C:\Users\nkanamadi\Documents\Project\ProtractorDemoTest\node_modules\selenium-webdriver\lib\webdriver.js:934:29)
                    at run (C:\Users\nkanamadi\Documents\Project\ProtractorDemoTest\node_modules\protractor\built\browser.js:58:33)
                    at ProtractorBrowser.to.&lt;computed> [as wait] (C:\Users\nkanamadi\Documents\Project\ProtractorDemoTest\node_modules\protractor\built\browser.js:66:16)
                    at createaccountform.setCustomerFirstName (C:\Users\nkanamadi\Documents\Project\ProtractorDemoTest\pages\createaccountform.js:149:17)
                    at UserContext.&lt;anonymous> (C:\Users\nkanamadi\Documents\Project\ProtractorDemoTest\tests\CreateAccountTest.js:137:27)
                    at C:\Users\nkanamadi\Documents\Project\ProtractorDemoTest\node_modules\jasminewd2\index.js:112:25
                    at new ManagedPromise (C:\Users\nkanamadi\Documents\Project\ProtractorDemoTest\node_modules\selenium-webdriver\lib\promise.js:1077:7)
                    at ControlFlow.promise (C:\Users\nkanamadi\Documents\Project\ProtractorDemoTest\node_modules\selenium-webdriver\lib\promise.js:2505:12)
                From: Task: Run it("Create account successfully") in control flow
                    at UserContext.&lt;anonymous> (C:\Users\nkanamadi\Documents\Project\ProtractorDemoTest\node_modules\jasminewd2\index.js:94:19)
                    at attempt (C:\Users\nkanamadi\Documents\Project\ProtractorDemoTest\node_modules\protractor\node_modules\jasmine-core\lib\jasmine-core\jasmine.js:4297:26)
                    at QueueRunner.run (C:\Users\nkanamadi\Documents\Project\ProtractorDemoTest\node_modules\protractor\node_modules\jasmine-core\lib\jasmine-core\jasmine.js:4217:20)
                    at QueueRunner.execute (C:\Users\nkanamadi\Documents\Project\ProtractorDemoTest\node_modules\protractor\node_modules\jasmine-core\lib\jasmine-core\jasmine.js:4199:10)
                    at Spec.queueRunnerFactory (C:\Users\nkanamadi\Documents\Project\ProtractorDemoTest\node_modules\protractor\node_modules\jasmine-core\lib\jasmine-core\jasmine.js:909:35)
                    at Spec.execute (C:\Users\nkanamadi\Documents\Project\ProtractorDemoTest\node_modules\protractor\node_modules\jasmine-core\lib\jasmine-core\jasmine.js:526:10)
                    at UserContext.fn (C:\Users\nkanamadi\Documents\Project\ProtractorDemoTest\node_modules\protractor\node_modules\jasmine-core\lib\jasmine-core\jasmine.js:5340:37)
                    at attempt (C:\Users\nkanamadi\Documents\Project\ProtractorDemoTest\node_modules\protractor\node_modules\jasmine-core\lib\jasmine-core\jasmine.js:4297:26)
                    at QueueRunner.run (C:\Users\nkanamadi\Documents\Project\ProtractorDemoTest\node_modules\protractor\node_modules\jasmine-core\lib\jasmine-core\jasmine.js:4217:20)
                    at runNext (C:\Users\nkanamadi\Documents\Project\ProtractorDemoTest\node_modules\protractor\node_modules\jasmine-core\lib\jasmine-core\jasmine.js:4257:20)
                From asynchronous test: 
                Error
                    at Suite.&lt;anonymous> (C:\Users\nkanamadi\Documents\Project\ProtractorDemoTest\tests\CreateAccountTest.js:133:5)
                    at addSpecsToSuite (C:\Users\nkanamadi\Documents\Project\ProtractorDemoTest\node_modules\protractor\node_modules\jasmine-core\lib\jasmine-core\jasmine.js:1107:25)
                    at Env.describe (C:\Users\nkanamadi\Documents\Project\ProtractorDemoTest\node_modules\protractor\node_modules\jasmine-core\lib\jasmine-core\jasmine.js:1074:7)
                    at describe (C:\Users\nkanamadi\Documents\Project\ProtractorDemoTest\node_modules\protractor\node_modules\jasmine-core\lib\jasmine-core\jasmine.js:4399:18)
                    at Object.&lt;anonymous> (C:\Users\nkanamadi\Documents\Project\ProtractorDemoTest\tests\CreateAccountTest.js:6:1)
                    at Module._compile (internal/modules/cjs/loader.js:1158:30)
                    at Object.Module._extensions..js (internal/modules/cjs/loader.js:1178:10)
                    at Module.load (internal/modules/cjs/loader.js:1002:32)
                    at Function.Module._load (internal/modules/cjs/loader.js:901:14)</stack-trace>
            </failure>
        </test-case>
    </test-cases>
</ns2:test-suite>