<?xml version='1.0'?>
<ns2:test-suite xmlns:ns2='urn:model.allure.qatools.yandex.ru' start='1635251923018' stop='1635251999002'>
    <name>Create Account TestSuite</name>
    <title>Create Account TestSuite</title>
    <test-cases>
        <test-case start='1635251936540' status='passed' stop='1635251945627'>
            <name>Empty email validation</name>
            <title>Empty email validation</title>
            <labels/>
            <parameters/>
            <steps/>
            <attachments/>
        </test-case>
        <test-case start='1635251945627' status='failed' stop='1635251955881'>
            <name>Wrong Email validation</name>
            <title>Wrong Email validation</title>
            <labels/>
            <parameters/>
            <steps/>
            <attachments/>
            <failure>
                <message>Failed: Element taking too long to appear in the DOM
                Wait timed out after 10008ms</message>
                <stack-trace>TimeoutError: Element taking too long to appear in the DOM
                Wait timed out after 10008ms
                    at C:\Users\nkanamadi\Documents\Project\ProtractorDemoTest\node_modules\selenium-webdriver\lib\promise.js:2201:17
                    at ManagedPromise.invokeCallback_ (C:\Users\nkanamadi\Documents\Project\ProtractorDemoTest\node_modules\selenium-webdriver\lib\promise.js:1376:14)
                    at TaskQueue.execute_ (C:\Users\nkanamadi\Documents\Project\ProtractorDemoTest\node_modules\selenium-webdriver\lib\promise.js:3084:14)
                    at TaskQueue.executeNext_ (C:\Users\nkanamadi\Documents\Project\ProtractorDemoTest\node_modules\selenium-webdriver\lib\promise.js:3067:27)
                    at C:\Users\nkanamadi\Documents\Project\ProtractorDemoTest\node_modules\selenium-webdriver\lib\promise.js:2927:27
                    at C:\Users\nkanamadi\Documents\Project\ProtractorDemoTest\node_modules\selenium-webdriver\lib\promise.js:668:7
                    at runMicrotasks (&lt;anonymous>)
                    at processTicksAndRejections (internal/process/task_queues.js:97:5)
                From: Task: Element taking too long to appear in the DOM
                    at scheduleWait (C:\Users\nkanamadi\Documents\Project\ProtractorDemoTest\node_modules\selenium-webdriver\lib\promise.js:2188:20)
                    at ControlFlow.wait (C:\Users\nkanamadi\Documents\Project\ProtractorDemoTest\node_modules\selenium-webdriver\lib\promise.js:2517:12)
                    at Driver.wait (C:\Users\nkanamadi\Documents\Project\ProtractorDemoTest\node_modules\selenium-webdriver\lib\webdriver.js:934:29)
                    at createaccount.verifyInvalidEmailErrorMessage (C:\Users\nkanamadi\Documents\Project\ProtractorDemoTest\pages\createaccount.js:53:24)
                    at UserContext.&lt;anonymous> (C:\Users\nkanamadi\Documents\Project\ProtractorDemoTest\tests\CreateAccountTest.js:30:23)
                    at C:\Users\nkanamadi\Documents\Project\ProtractorDemoTest\node_modules\jasminewd2\index.js:112:25
                    at new ManagedPromise (C:\Users\nkanamadi\Documents\Project\ProtractorDemoTest\node_modules\selenium-webdriver\lib\promise.js:1077:7)
                    at ControlFlow.promise (C:\Users\nkanamadi\Documents\Project\ProtractorDemoTest\node_modules\selenium-webdriver\lib\promise.js:2505:12)
                    at schedulerExecute (C:\Users\nkanamadi\Documents\Project\ProtractorDemoTest\node_modules\jasminewd2\index.js:95:18)
                    at TaskQueue.execute_ (C:\Users\nkanamadi\Documents\Project\ProtractorDemoTest\node_modules\selenium-webdriver\lib\promise.js:3084:14)
                From: Task: Run it("Wrong Email validation") in control flow
                    at UserContext.&lt;anonymous> (C:\Users\nkanamadi\Documents\Project\ProtractorDemoTest\node_modules\jasminewd2\index.js:94:19)
                    at attempt (C:\Users\nkanamadi\Documents\Project\ProtractorDemoTest\node_modules\protractor\node_modules\jasmine-core\lib\jasmine-core\jasmine.js:4297:26)
                    at QueueRunner.run (C:\Users\nkanamadi\Documents\Project\ProtractorDemoTest\node_modules\protractor\node_modules\jasmine-core\lib\jasmine-core\jasmine.js:4217:20)
                    at QueueRunner.execute (C:\Users\nkanamadi\Documents\Project\ProtractorDemoTest\node_modules\protractor\node_modules\jasmine-core\lib\jasmine-core\jasmine.js:4199:10)
                    at Spec.queueRunnerFactory (C:\Users\nkanamadi\Documents\Project\ProtractorDemoTest\node_modules\protractor\node_modules\jasmine-core\lib\jasmine-core\jasmine.js:909:35)
                    at Spec.execute (C:\Users\nkanamadi\Documents\Project\ProtractorDemoTest\node_modules\protractor\node_modules\jasmine-core\lib\jasmine-core\jasmine.js:526:10)
                    at UserContext.fn (C:\Users\nkanamadi\Documents\Project\ProtractorDemoTest\node_modules\protractor\node_modules\jasmine-core\lib\jasmine-core\jasmine.js:5340:37)
                    at attempt (C:\Users\nkanamadi\Documents\Project\ProtractorDemoTest\node_modules\protractor\node_modules\jasmine-core\lib\jasmine-core\jasmine.js:4297:26)
                    at QueueRunner.run (C:\Users\nkanamadi\Documents\Project\ProtractorDemoTest\node_modules\protractor\node_modules\jasmine-core\lib\jasmine-core\jasmine.js:4217:20)
                    at runNext (C:\Users\nkanamadi\Documents\Project\ProtractorDemoTest\node_modules\protractor\node_modules\jasmine-core\lib\jasmine-core\jasmine.js:4257:20)
                From asynchronous test: 
                Error
                    at Suite.&lt;anonymous> (C:\Users\nkanamadi\Documents\Project\ProtractorDemoTest\tests\CreateAccountTest.js:28:5)
                    at addSpecsToSuite (C:\Users\nkanamadi\Documents\Project\ProtractorDemoTest\node_modules\protractor\node_modules\jasmine-core\lib\jasmine-core\jasmine.js:1107:25)
                    at Env.describe (C:\Users\nkanamadi\Documents\Project\ProtractorDemoTest\node_modules\protractor\node_modules\jasmine-core\lib\jasmine-core\jasmine.js:1074:7)
                    at describe (C:\Users\nkanamadi\Documents\Project\ProtractorDemoTest\node_modules\protractor\node_modules\jasmine-core\lib\jasmine-core\jasmine.js:4399:18)
                    at Object.&lt;anonymous> (C:\Users\nkanamadi\Documents\Project\ProtractorDemoTest\tests\CreateAccountTest.js:6:1)
                    at Module._compile (internal/modules/cjs/loader.js:1158:30)
                    at Object.Module._extensions..js (internal/modules/cjs/loader.js:1178:10)
                    at Module.load (internal/modules/cjs/loader.js:1002:32)
                    at Function.Module._load (internal/modules/cjs/loader.js:901:14)</stack-trace>
            </failure>
        </test-case>
        <test-case start='1635251955881' status='failed' stop='1635251966107'>
            <name>Registered Email validation</name>
            <title>Registered Email validation</title>
            <labels/>
            <parameters/>
            <steps/>
            <attachments/>
            <failure>
                <message>Failed: Already registered Element taking too long to appear in the DOM
                Wait timed out after 10003ms</message>
                <stack-trace>TimeoutError: Already registered Element taking too long to appear in the DOM
                Wait timed out after 10003ms
                    at C:\Users\nkanamadi\Documents\Project\ProtractorDemoTest\node_modules\selenium-webdriver\lib\promise.js:2201:17
                    at ManagedPromise.invokeCallback_ (C:\Users\nkanamadi\Documents\Project\ProtractorDemoTest\node_modules\selenium-webdriver\lib\promise.js:1376:14)
                    at TaskQueue.execute_ (C:\Users\nkanamadi\Documents\Project\ProtractorDemoTest\node_modules\selenium-webdriver\lib\promise.js:3084:14)
                    at TaskQueue.executeNext_ (C:\Users\nkanamadi\Documents\Project\ProtractorDemoTest\node_modules\selenium-webdriver\lib\promise.js:3067:27)
                    at C:\Users\nkanamadi\Documents\Project\ProtractorDemoTest\node_modules\selenium-webdriver\lib\promise.js:2927:27
                    at C:\Users\nkanamadi\Documents\Project\ProtractorDemoTest\node_modules\selenium-webdriver\lib\promise.js:668:7
                    at runMicrotasks (&lt;anonymous>)
                    at processTicksAndRejections (internal/process/task_queues.js:97:5)
                From: Task: Already registered Element taking too long to appear in the DOM
                    at scheduleWait (C:\Users\nkanamadi\Documents\Project\ProtractorDemoTest\node_modules\selenium-webdriver\lib\promise.js:2188:20)
                    at ControlFlow.wait (C:\Users\nkanamadi\Documents\Project\ProtractorDemoTest\node_modules\selenium-webdriver\lib\promise.js:2517:12)
                    at Driver.wait (C:\Users\nkanamadi\Documents\Project\ProtractorDemoTest\node_modules\selenium-webdriver\lib\webdriver.js:934:29)
                    at run (C:\Users\nkanamadi\Documents\Project\ProtractorDemoTest\node_modules\protractor\built\browser.js:58:33)
                    at ProtractorBrowser.to.&lt;computed> [as wait] (C:\Users\nkanamadi\Documents\Project\ProtractorDemoTest\node_modules\protractor\built\browser.js:66:16)
                    at createaccount.verifyAccountEmailAlreadyRegisteredMessage (C:\Users\nkanamadi\Documents\Project\ProtractorDemoTest\pages\createaccount.js:20:17)
                    at UserContext.&lt;anonymous> (C:\Users\nkanamadi\Documents\Project\ProtractorDemoTest\tests\CreateAccountTest.js:37:23)
                    at C:\Users\nkanamadi\Documents\Project\ProtractorDemoTest\node_modules\jasminewd2\index.js:112:25
                    at new ManagedPromise (C:\Users\nkanamadi\Documents\Project\ProtractorDemoTest\node_modules\selenium-webdriver\lib\promise.js:1077:7)
                    at ControlFlow.promise (C:\Users\nkanamadi\Documents\Project\ProtractorDemoTest\node_modules\selenium-webdriver\lib\promise.js:2505:12)
                From: Task: Run it("Registered Email validation") in control flow
                    at UserContext.&lt;anonymous> (C:\Users\nkanamadi\Documents\Project\ProtractorDemoTest\node_modules\jasminewd2\index.js:94:19)
                    at attempt (C:\Users\nkanamadi\Documents\Project\ProtractorDemoTest\node_modules\protractor\node_modules\jasmine-core\lib\jasmine-core\jasmine.js:4297:26)
                    at QueueRunner.run (C:\Users\nkanamadi\Documents\Project\ProtractorDemoTest\node_modules\protractor\node_modules\jasmine-core\lib\jasmine-core\jasmine.js:4217:20)
                    at QueueRunner.execute (C:\Users\nkanamadi\Documents\Project\ProtractorDemoTest\node_modules\protractor\node_modules\jasmine-core\lib\jasmine-core\jasmine.js:4199:10)
                    at Spec.queueRunnerFactory (C:\Users\nkanamadi\Documents\Project\ProtractorDemoTest\node_modules\protractor\node_modules\jasmine-core\lib\jasmine-core\jasmine.js:909:35)
                    at Spec.execute (C:\Users\nkanamadi\Documents\Project\ProtractorDemoTest\node_modules\protractor\node_modules\jasmine-core\lib\jasmine-core\jasmine.js:526:10)
                    at UserContext.fn (C:\Users\nkanamadi\Documents\Project\ProtractorDemoTest\node_modules\protractor\node_modules\jasmine-core\lib\jasmine-core\jasmine.js:5340:37)
                    at attempt (C:\Users\nkanamadi\Documents\Project\ProtractorDemoTest\node_modules\protractor\node_modules\jasmine-core\lib\jasmine-core\jasmine.js:4297:26)
                    at QueueRunner.run (C:\Users\nkanamadi\Documents\Project\ProtractorDemoTest\node_modules\protractor\node_modules\jasmine-core\lib\jasmine-core\jasmine.js:4217:20)
                    at runNext (C:\Users\nkanamadi\Documents\Project\ProtractorDemoTest\node_modules\protractor\node_modules\jasmine-core\lib\jasmine-core\jasmine.js:4257:20)
                From asynchronous test: 
                Error
                    at Suite.&lt;anonymous> (C:\Users\nkanamadi\Documents\Project\ProtractorDemoTest\tests\CreateAccountTest.js:35:5)
                    at addSpecsToSuite (C:\Users\nkanamadi\Documents\Project\ProtractorDemoTest\node_modules\protractor\node_modules\jasmine-core\lib\jasmine-core\jasmine.js:1107:25)
                    at Env.describe (C:\Users\nkanamadi\Documents\Project\ProtractorDemoTest\node_modules\protractor\node_modules\jasmine-core\lib\jasmine-core\jasmine.js:1074:7)
                    at describe (C:\Users\nkanamadi\Documents\Project\ProtractorDemoTest\node_modules\protractor\node_modules\jasmine-core\lib\jasmine-core\jasmine.js:4399:18)
                    at Object.&lt;anonymous> (C:\Users\nkanamadi\Documents\Project\ProtractorDemoTest\tests\CreateAccountTest.js:6:1)
                    at Module._compile (internal/modules/cjs/loader.js:1158:30)
                    at Object.Module._extensions..js (internal/modules/cjs/loader.js:1178:10)
                    at Module.load (internal/modules/cjs/loader.js:1002:32)
                    at Function.Module._load (internal/modules/cjs/loader.js:901:14)</stack-trace>
            </failure>
        </test-case>
        <test-case start='1635251966107' status='passed' stop='1635251976394'>
            <name>Correct Email validation</name>
            <title>Correct Email validation</title>
            <labels/>
            <parameters/>
            <steps/>
            <attachments/>
        </test-case>
        <test-case start='1635251976394' status='passed' stop='1635251977887'>
            <name>Personal info field validation</name>
            <title>Personal info field validation</title>
            <labels/>
            <parameters/>
            <steps/>
            <attachments/>
        </test-case>
        <test-case start='1635251977887' status='failed' stop='1635251988939'>
            <name>required fields empty</name>
            <title>required fields empty</title>
            <labels/>
            <parameters/>
            <steps/>
            <attachments/>
            <failure>
                <message>Failed: Element taking too long to appear in the DOM
                Wait timed out after 10003ms</message>
                <stack-trace>TimeoutError: Element taking too long to appear in the DOM
                Wait timed out after 10003ms
                    at C:\Users\nkanamadi\Documents\Project\ProtractorDemoTest\node_modules\selenium-webdriver\lib\promise.js:2201:17
                    at ManagedPromise.invokeCallback_ (C:\Users\nkanamadi\Documents\Project\ProtractorDemoTest\node_modules\selenium-webdriver\lib\promise.js:1376:14)
                    at TaskQueue.execute_ (C:\Users\nkanamadi\Documents\Project\ProtractorDemoTest\node_modules\selenium-webdriver\lib\promise.js:3084:14)
                    at TaskQueue.executeNext_ (C:\Users\nkanamadi\Documents\Project\ProtractorDemoTest\node_modules\selenium-webdriver\lib\promise.js:3067:27)
                    at C:\Users\nkanamadi\Documents\Project\ProtractorDemoTest\node_modules\selenium-webdriver\lib\promise.js:2927:27
                    at C:\Users\nkanamadi\Documents\Project\ProtractorDemoTest\node_modules\selenium-webdriver\lib\promise.js:668:7
                    at runMicrotasks (&lt;anonymous>)
                    at processTicksAndRejections (internal/process/task_queues.js:97:5)
                From: Task: Element taking too long to appear in the DOM
                    at scheduleWait (C:\Users\nkanamadi\Documents\Project\ProtractorDemoTest\node_modules\selenium-webdriver\lib\promise.js:2188:20)
                    at ControlFlow.wait (C:\Users\nkanamadi\Documents\Project\ProtractorDemoTest\node_modules\selenium-webdriver\lib\promise.js:2517:12)
                    at Driver.wait (C:\Users\nkanamadi\Documents\Project\ProtractorDemoTest\node_modules\selenium-webdriver\lib\webdriver.js:934:29)
                    at run (C:\Users\nkanamadi\Documents\Project\ProtractorDemoTest\node_modules\protractor\built\browser.js:58:33)
                    at ProtractorBrowser.to.&lt;computed> [as wait] (C:\Users\nkanamadi\Documents\Project\ProtractorDemoTest\node_modules\protractor\built\browser.js:66:16)
                    at createaccountform.verifyEmailRequiredErrorMessage (C:\Users\nkanamadi\Documents\Project\ProtractorDemoTest\pages\createaccountform.js:349:17)
                    at UserContext.&lt;anonymous> (C:\Users\nkanamadi\Documents\Project\ProtractorDemoTest\tests\CreateAccountTest.js:96:27)
                    at C:\Users\nkanamadi\Documents\Project\ProtractorDemoTest\node_modules\jasminewd2\index.js:112:25
                    at new ManagedPromise (C:\Users\nkanamadi\Documents\Project\ProtractorDemoTest\node_modules\selenium-webdriver\lib\promise.js:1077:7)
                    at ControlFlow.promise (C:\Users\nkanamadi\Documents\Project\ProtractorDemoTest\node_modules\selenium-webdriver\lib\promise.js:2505:12)
                From: Task: Run it("required fields empty") in control flow
                    at UserContext.&lt;anonymous> (C:\Users\nkanamadi\Documents\Project\ProtractorDemoTest\node_modules\jasminewd2\index.js:94:19)
                    at attempt (C:\Users\nkanamadi\Documents\Project\ProtractorDemoTest\node_modules\protractor\node_modules\jasmine-core\lib\jasmine-core\jasmine.js:4297:26)
                    at QueueRunner.run (C:\Users\nkanamadi\Documents\Project\ProtractorDemoTest\node_modules\protractor\node_modules\jasmine-core\lib\jasmine-core\jasmine.js:4217:20)
                    at QueueRunner.execute (C:\Users\nkanamadi\Documents\Project\ProtractorDemoTest\node_modules\protractor\node_modules\jasmine-core\lib\jasmine-core\jasmine.js:4199:10)
                    at Spec.queueRunnerFactory (C:\Users\nkanamadi\Documents\Project\ProtractorDemoTest\node_modules\protractor\node_modules\jasmine-core\lib\jasmine-core\jasmine.js:909:35)
                    at Spec.execute (C:\Users\nkanamadi\Documents\Project\ProtractorDemoTest\node_modules\protractor\node_modules\jasmine-core\lib\jasmine-core\jasmine.js:526:10)
                    at UserContext.fn (C:\Users\nkanamadi\Documents\Project\ProtractorDemoTest\node_modules\protractor\node_modules\jasmine-core\lib\jasmine-core\jasmine.js:5340:37)
                    at attempt (C:\Users\nkanamadi\Documents\Project\ProtractorDemoTest\node_modules\protractor\node_modules\jasmine-core\lib\jasmine-core\jasmine.js:4297:26)
                    at QueueRunner.run (C:\Users\nkanamadi\Documents\Project\ProtractorDemoTest\node_modules\protractor\node_modules\jasmine-core\lib\jasmine-core\jasmine.js:4217:20)
                    at runNext (C:\Users\nkanamadi\Documents\Project\ProtractorDemoTest\node_modules\protractor\node_modules\jasmine-core\lib\jasmine-core\jasmine.js:4257:20)
                From asynchronous test: 
                Error
                    at Suite.&lt;anonymous> (C:\Users\nkanamadi\Documents\Project\ProtractorDemoTest\tests\CreateAccountTest.js:85:5)
                    at addSpecsToSuite (C:\Users\nkanamadi\Documents\Project\ProtractorDemoTest\node_modules\protractor\node_modules\jasmine-core\lib\jasmine-core\jasmine.js:1107:25)
                    at Env.describe (C:\Users\nkanamadi\Documents\Project\ProtractorDemoTest\node_modules\protractor\node_modules\jasmine-core\lib\jasmine-core\jasmine.js:1074:7)
                    at describe (C:\Users\nkanamadi\Documents\Project\ProtractorDemoTest\node_modules\protractor\node_modules\jasmine-core\lib\jasmine-core\jasmine.js:4399:18)
                    at Object.&lt;anonymous> (C:\Users\nkanamadi\Documents\Project\ProtractorDemoTest\tests\CreateAccountTest.js:6:1)
                    at Module._compile (internal/modules/cjs/loader.js:1158:30)
                    at Object.Module._extensions..js (internal/modules/cjs/loader.js:1178:10)
                    at Module.load (internal/modules/cjs/loader.js:1002:32)
                    at Function.Module._load (internal/modules/cjs/loader.js:901:14)</stack-trace>
            </failure>
        </test-case>
        <test-case start='1635251988939' status='failed' stop='1635251993969'>
            <name>required fields Input format</name>
            <title>required fields Input format</title>
            <labels/>
            <parameters/>
            <steps/>
            <attachments/>
            <failure>
                <message>Failed: Element taking too long to appear in the DOM
                Wait timed out after 5008ms</message>
                <stack-trace>TimeoutError: Element taking too long to appear in the DOM
                Wait timed out after 5008ms
                    at C:\Users\nkanamadi\Documents\Project\ProtractorDemoTest\node_modules\selenium-webdriver\lib\promise.js:2201:17
                    at ManagedPromise.invokeCallback_ (C:\Users\nkanamadi\Documents\Project\ProtractorDemoTest\node_modules\selenium-webdriver\lib\promise.js:1376:14)
                    at TaskQueue.execute_ (C:\Users\nkanamadi\Documents\Project\ProtractorDemoTest\node_modules\selenium-webdriver\lib\promise.js:3084:14)
                    at TaskQueue.executeNext_ (C:\Users\nkanamadi\Documents\Project\ProtractorDemoTest\node_modules\selenium-webdriver\lib\promise.js:3067:27)
                    at C:\Users\nkanamadi\Documents\Project\ProtractorDemoTest\node_modules\selenium-webdriver\lib\promise.js:2927:27
                    at C:\Users\nkanamadi\Documents\Project\ProtractorDemoTest\node_modules\selenium-webdriver\lib\promise.js:668:7
                    at runMicrotasks (&lt;anonymous>)
                    at processTicksAndRejections (internal/process/task_queues.js:97:5)
                From: Task: Element taking too long to appear in the DOM
                    at scheduleWait (C:\Users\nkanamadi\Documents\Project\ProtractorDemoTest\node_modules\selenium-webdriver\lib\promise.js:2188:20)
                    at ControlFlow.wait (C:\Users\nkanamadi\Documents\Project\ProtractorDemoTest\node_modules\selenium-webdriver\lib\promise.js:2517:12)
                    at Driver.wait (C:\Users\nkanamadi\Documents\Project\ProtractorDemoTest\node_modules\selenium-webdriver\lib\webdriver.js:934:29)
                    at run (C:\Users\nkanamadi\Documents\Project\ProtractorDemoTest\node_modules\protractor\built\browser.js:58:33)
                    at ProtractorBrowser.to.&lt;computed> [as wait] (C:\Users\nkanamadi\Documents\Project\ProtractorDemoTest\node_modules\protractor\built\browser.js:66:16)
                    at createaccountform.setCustomerEmail (C:\Users\nkanamadi\Documents\Project\ProtractorDemoTest\pages\createaccountform.js:175:17)
                    at UserContext.&lt;anonymous> (C:\Users\nkanamadi\Documents\Project\ProtractorDemoTest\tests\CreateAccountTest.js:113:27)
                    at C:\Users\nkanamadi\Documents\Project\ProtractorDemoTest\node_modules\jasminewd2\index.js:112:25
                    at new ManagedPromise (C:\Users\nkanamadi\Documents\Project\ProtractorDemoTest\node_modules\selenium-webdriver\lib\promise.js:1077:7)
                    at ControlFlow.promise (C:\Users\nkanamadi\Documents\Project\ProtractorDemoTest\node_modules\selenium-webdriver\lib\promise.js:2505:12)
                From: Task: Run it("required fields Input format") in control flow
                    at UserContext.&lt;anonymous> (C:\Users\nkanamadi\Documents\Project\ProtractorDemoTest\node_modules\jasminewd2\index.js:94:19)
                    at attempt (C:\Users\nkanamadi\Documents\Project\ProtractorDemoTest\node_modules\protractor\node_modules\jasmine-core\lib\jasmine-core\jasmine.js:4297:26)
                    at QueueRunner.run (C:\Users\nkanamadi\Documents\Project\ProtractorDemoTest\node_modules\protractor\node_modules\jasmine-core\lib\jasmine-core\jasmine.js:4217:20)
                    at QueueRunner.execute (C:\Users\nkanamadi\Documents\Project\ProtractorDemoTest\node_modules\protractor\node_modules\jasmine-core\lib\jasmine-core\jasmine.js:4199:10)
                    at Spec.queueRunnerFactory (C:\Users\nkanamadi\Documents\Project\ProtractorDemoTest\node_modules\protractor\node_modules\jasmine-core\lib\jasmine-core\jasmine.js:909:35)
                    at Spec.execute (C:\Users\nkanamadi\Documents\Project\ProtractorDemoTest\node_modules\protractor\node_modules\jasmine-core\lib\jasmine-core\jasmine.js:526:10)
                    at UserContext.fn (C:\Users\nkanamadi\Documents\Project\ProtractorDemoTest\node_modules\protractor\node_modules\jasmine-core\lib\jasmine-core\jasmine.js:5340:37)
                    at attempt (C:\Users\nkanamadi\Documents\Project\ProtractorDemoTest\node_modules\protractor\node_modules\jasmine-core\lib\jasmine-core\jasmine.js:4297:26)
                    at QueueRunner.run (C:\Users\nkanamadi\Documents\Project\ProtractorDemoTest\node_modules\protractor\node_modules\jasmine-core\lib\jasmine-core\jasmine.js:4217:20)
                    at runNext (C:\Users\nkanamadi\Documents\Project\ProtractorDemoTest\node_modules\protractor\node_modules\jasmine-core\lib\jasmine-core\jasmine.js:4257:20)
                From asynchronous test: 
                Error
                    at Suite.&lt;anonymous> (C:\Users\nkanamadi\Documents\Project\ProtractorDemoTest\tests\CreateAccountTest.js:109:5)
                    at addSpecsToSuite (C:\Users\nkanamadi\Documents\Project\ProtractorDemoTest\node_modules\protractor\node_modules\jasmine-core\lib\jasmine-core\jasmine.js:1107:25)
                    at Env.describe (C:\Users\nkanamadi\Documents\Project\ProtractorDemoTest\node_modules\protractor\node_modules\jasmine-core\lib\jasmine-core\jasmine.js:1074:7)
                    at describe (C:\Users\nkanamadi\Documents\Project\ProtractorDemoTest\node_modules\protractor\node_modules\jasmine-core\lib\jasmine-core\jasmine.js:4399:18)
                    at Object.&lt;anonymous> (C:\Users\nkanamadi\Documents\Project\ProtractorDemoTest\tests\CreateAccountTest.js:6:1)
                    at Module._compile (internal/modules/cjs/loader.js:1158:30)
                    at Object.Module._extensions..js (internal/modules/cjs/loader.js:1178:10)
                    at Module.load (internal/modules/cjs/loader.js:1002:32)
                    at Function.Module._load (internal/modules/cjs/loader.js:901:14)</stack-trace>
            </failure>
        </test-case>
        <test-case start='1635251993969' status='failed' stop='1635251998987'>
            <name>Create account successfully</name>
            <title>Create account successfully</title>
            <labels/>
            <parameters/>
            <steps/>
            <attachments/>
            <failure>
                <message>Failed: Element taking too long to appear in the DOM
                Wait timed out after 5004ms</message>
                <stack-trace>TimeoutError: Element taking too long to appear in the DOM
                Wait timed out after 5004ms
                    at C:\Users\nkanamadi\Documents\Project\ProtractorDemoTest\node_modules\selenium-webdriver\lib\promise.js:2201:17
                    at ManagedPromise.invokeCallback_ (C:\Users\nkanamadi\Documents\Project\ProtractorDemoTest\node_modules\selenium-webdriver\lib\promise.js:1376:14)
                    at TaskQueue.execute_ (C:\Users\nkanamadi\Documents\Project\ProtractorDemoTest\node_modules\selenium-webdriver\lib\promise.js:3084:14)
                    at TaskQueue.executeNext_ (C:\Users\nkanamadi\Documents\Project\ProtractorDemoTest\node_modules\selenium-webdriver\lib\promise.js:3067:27)
                    at C:\Users\nkanamadi\Documents\Project\ProtractorDemoTest\node_modules\selenium-webdriver\lib\promise.js:2927:27
                    at C:\Users\nkanamadi\Documents\Project\ProtractorDemoTest\node_modules\selenium-webdriver\lib\promise.js:668:7
                    at runMicrotasks (&lt;anonymous>)
                    at processTicksAndRejections (internal/process/task_queues.js:97:5)
                From: Task: Element taking too long to appear in the DOM
                    at scheduleWait (C:\Users\nkanamadi\Documents\Project\ProtractorDemoTest\node_modules\selenium-webdriver\lib\promise.js:2188:20)
                    at ControlFlow.wait (C:\Users\nkanamadi\Documents\Project\ProtractorDemoTest\node_modules\selenium-webdriver\lib\promise.js:2517:12)
                    at Driver.wait (C:\Users\nkanamadi\Documents\Project\ProtractorDemoTest\node_modules\selenium-webdriver\lib\webdriver.js:934:29)
                    at run (C:\Users\nkanamadi\Documents\Project\ProtractorDemoTest\node_modules\protractor\built\browser.js:58:33)
                    at ProtractorBrowser.to.&lt;computed> [as wait] (C:\Users\nkanamadi\Documents\Project\ProtractorDemoTest\node_modules\protractor\built\browser.js:66:16)
                    at createaccountform.setCustomerFirstName (C:\Users\nkanamadi\Documents\Project\ProtractorDemoTest\pages\createaccountform.js:149:17)
                    at UserContext.&lt;anonymous> (C:\Users\nkanamadi\Documents\Project\ProtractorDemoTest\tests\CreateAccountTest.js:137:27)
                    at C:\Users\nkanamadi\Documents\Project\ProtractorDemoTest\node_modules\jasminewd2\index.js:112:25
                    at new ManagedPromise (C:\Users\nkanamadi\Documents\Project\ProtractorDemoTest\node_modules\selenium-webdriver\lib\promise.js:1077:7)
                    at ControlFlow.promise (C:\Users\nkanamadi\Documents\Project\ProtractorDemoTest\node_modules\selenium-webdriver\lib\promise.js:2505:12)
                From: Task: Run it("Create account successfully") in control flow
                    at UserContext.&lt;anonymous> (C:\Users\nkanamadi\Documents\Project\ProtractorDemoTest\node_modules\jasminewd2\index.js:94:19)
                    at attempt (C:\Users\nkanamadi\Documents\Project\ProtractorDemoTest\node_modules\protractor\node_modules\jasmine-core\lib\jasmine-core\jasmine.js:4297:26)
                    at QueueRunner.run (C:\Users\nkanamadi\Documents\Project\ProtractorDemoTest\node_modules\protractor\node_modules\jasmine-core\lib\jasmine-core\jasmine.js:4217:20)
                    at QueueRunner.execute (C:\Users\nkanamadi\Documents\Project\ProtractorDemoTest\node_modules\protractor\node_modules\jasmine-core\lib\jasmine-core\jasmine.js:4199:10)
                    at Spec.queueRunnerFactory (C:\Users\nkanamadi\Documents\Project\ProtractorDemoTest\node_modules\protractor\node_modules\jasmine-core\lib\jasmine-core\jasmine.js:909:35)
                    at Spec.execute (C:\Users\nkanamadi\Documents\Project\ProtractorDemoTest\node_modules\protractor\node_modules\jasmine-core\lib\jasmine-core\jasmine.js:526:10)
                    at UserContext.fn (C:\Users\nkanamadi\Documents\Project\ProtractorDemoTest\node_modules\protractor\node_modules\jasmine-core\lib\jasmine-core\jasmine.js:5340:37)
                    at attempt (C:\Users\nkanamadi\Documents\Project\ProtractorDemoTest\node_modules\protractor\node_modules\jasmine-core\lib\jasmine-core\jasmine.js:4297:26)
                    at QueueRunner.run (C:\Users\nkanamadi\Documents\Project\ProtractorDemoTest\node_modules\protractor\node_modules\jasmine-core\lib\jasmine-core\jasmine.js:4217:20)
                    at runNext (C:\Users\nkanamadi\Documents\Project\ProtractorDemoTest\node_modules\protractor\node_modules\jasmine-core\lib\jasmine-core\jasmine.js:4257:20)
                From asynchronous test: 
                Error
                    at Suite.&lt;anonymous> (C:\Users\nkanamadi\Documents\Project\ProtractorDemoTest\tests\CreateAccountTest.js:133:5)
                    at addSpecsToSuite (C:\Users\nkanamadi\Documents\Project\ProtractorDemoTest\node_modules\protractor\node_modules\jasmine-core\lib\jasmine-core\jasmine.js:1107:25)
                    at Env.describe (C:\Users\nkanamadi\Documents\Project\ProtractorDemoTest\node_modules\protractor\node_modules\jasmine-core\lib\jasmine-core\jasmine.js:1074:7)
                    at describe (C:\Users\nkanamadi\Documents\Project\ProtractorDemoTest\node_modules\protractor\node_modules\jasmine-core\lib\jasmine-core\jasmine.js:4399:18)
                    at Object.&lt;anonymous> (C:\Users\nkanamadi\Documents\Project\ProtractorDemoTest\tests\CreateAccountTest.js:6:1)
                    at Module._compile (internal/modules/cjs/loader.js:1158:30)
                    at Object.Module._extensions..js (internal/modules/cjs/loader.js:1178:10)
                    at Module.load (internal/modules/cjs/loader.js:1002:32)
                    at Function.Module._load (internal/modules/cjs/loader.js:901:14)</stack-trace>
            </failure>
        </test-case>
    </test-cases>
</ns2:test-suite>