<?xml version='1.0'?>
<ns2:test-suite xmlns:ns2='urn:model.allure.qatools.yandex.ru' start='1635245300818' stop='1635245385716'>
    <name>Login Form TestSuite</name>
    <title>Login Form TestSuite</title>
    <test-cases>
        <test-case start='1635245321530' status='failed' stop='1635245325602'>
            <name>Login page</name>
            <title>Login page</title>
            <labels/>
            <parameters/>
            <steps/>
            <attachments/>
            <failure>
                <message>Failed: unknown error: cannot determine loading status
                from disconnected: received Inspector.detached event
                  (Session info: chrome=94.0.4606.81)
                  (Driver info: chromedriver=94.0.4606.61 (418b78f5838ed0b1c69bb4e51ea0252171854915-refs/branch-heads/4606@{#1204}),platform=Windows NT 10.0.18363 x86_64)</message>
                <stack-trace>WebDriverError: unknown error: cannot determine loading status
                from disconnected: received Inspector.detached event
                  (Session info: chrome=94.0.4606.81)
                  (Driver info: chromedriver=94.0.4606.61 (418b78f5838ed0b1c69bb4e51ea0252171854915-refs/branch-heads/4606@{#1204}),platform=Windows NT 10.0.18363 x86_64)
                    at Object.checkLegacyResponse (C:\Users\nkanamadi\Documents\Project\ProtractorDemoTest\node_modules\selenium-webdriver\lib\error.js:546:15)
                    at parseHttpResponse (C:\Users\nkanamadi\Documents\Project\ProtractorDemoTest\node_modules\selenium-webdriver\lib\http.js:509:13)
                    at C:\Users\nkanamadi\Documents\Project\ProtractorDemoTest\node_modules\selenium-webdriver\lib\http.js:441:30
                    at processTicksAndRejections (internal/process/task_queues.js:97:5)
                From: Task: WebDriver.navigate().to(http://automationpractice.com/index.php?controller=authentication)
                    at Driver.schedule (C:\Users\nkanamadi\Documents\Project\ProtractorDemoTest\node_modules\selenium-webdriver\lib\webdriver.js:807:17)
                    at Navigation.to (C:\Users\nkanamadi\Documents\Project\ProtractorDemoTest\node_modules\selenium-webdriver\lib\webdriver.js:1133:25)
                    at Driver.get (C:\Users\nkanamadi\Documents\Project\ProtractorDemoTest\node_modules\selenium-webdriver\lib\webdriver.js:988:28)
                    at ProtractorBrowser.get (C:\Users\nkanamadi\Documents\Project\ProtractorDemoTest\node_modules\protractor\built\browser.js:653:32)
                    at UserContext.&lt;anonymous> (C:\Users\nkanamadi\Documents\Project\ProtractorDemoTest\tests\LoginFormTest.js:10:13)
                    at C:\Users\nkanamadi\Documents\Project\ProtractorDemoTest\node_modules\jasminewd2\index.js:112:25
                    at new ManagedPromise (C:\Users\nkanamadi\Documents\Project\ProtractorDemoTest\node_modules\selenium-webdriver\lib\promise.js:1077:7)
                    at ControlFlow.promise (C:\Users\nkanamadi\Documents\Project\ProtractorDemoTest\node_modules\selenium-webdriver\lib\promise.js:2505:12)
                    at schedulerExecute (C:\Users\nkanamadi\Documents\Project\ProtractorDemoTest\node_modules\jasminewd2\index.js:95:18)
                    at TaskQueue.execute_ (C:\Users\nkanamadi\Documents\Project\ProtractorDemoTest\node_modules\selenium-webdriver\lib\promise.js:3084:14)
                From: Task: Run beforeAll in control flow
                    at UserContext.&lt;anonymous> (C:\Users\nkanamadi\Documents\Project\ProtractorDemoTest\node_modules\jasminewd2\index.js:94:19)
                    at attempt (C:\Users\nkanamadi\Documents\Project\ProtractorDemoTest\node_modules\protractor\node_modules\jasmine-core\lib\jasmine-core\jasmine.js:4297:26)
                    at QueueRunner.run (C:\Users\nkanamadi\Documents\Project\ProtractorDemoTest\node_modules\protractor\node_modules\jasmine-core\lib\jasmine-core\jasmine.js:4217:20)
                    at QueueRunner.execute (C:\Users\nkanamadi\Documents\Project\ProtractorDemoTest\node_modules\protractor\node_modules\jasmine-core\lib\jasmine-core\jasmine.js:4199:10)
                    at queueRunnerFactory (C:\Users\nkanamadi\Documents\Project\ProtractorDemoTest\node_modules\protractor\node_modules\jasmine-core\lib\jasmine-core\jasmine.js:909:35)
                    at UserContext.fn (C:\Users\nkanamadi\Documents\Project\ProtractorDemoTest\node_modules\protractor\node_modules\jasmine-core\lib\jasmine-core\jasmine.js:5325:13)
                    at attempt (C:\Users\nkanamadi\Documents\Project\ProtractorDemoTest\node_modules\protractor\node_modules\jasmine-core\lib\jasmine-core\jasmine.js:4297:26)
                    at QueueRunner.run (C:\Users\nkanamadi\Documents\Project\ProtractorDemoTest\node_modules\protractor\node_modules\jasmine-core\lib\jasmine-core\jasmine.js:4217:20)
                    at QueueRunner.execute (C:\Users\nkanamadi\Documents\Project\ProtractorDemoTest\node_modules\protractor\node_modules\jasmine-core\lib\jasmine-core\jasmine.js:4199:10)
                    at queueRunnerFactory (C:\Users\nkanamadi\Documents\Project\ProtractorDemoTest\node_modules\protractor\node_modules\jasmine-core\lib\jasmine-core\jasmine.js:909:35)
                From asynchronous test: 
                Error
                    at Suite.&lt;anonymous> (C:\Users\nkanamadi\Documents\Project\ProtractorDemoTest\tests\LoginFormTest.js:8:3)
                    at addSpecsToSuite (C:\Users\nkanamadi\Documents\Project\ProtractorDemoTest\node_modules\protractor\node_modules\jasmine-core\lib\jasmine-core\jasmine.js:1107:25)
                    at Env.describe (C:\Users\nkanamadi\Documents\Project\ProtractorDemoTest\node_modules\protractor\node_modules\jasmine-core\lib\jasmine-core\jasmine.js:1074:7)
                    at describe (C:\Users\nkanamadi\Documents\Project\ProtractorDemoTest\node_modules\protractor\node_modules\jasmine-core\lib\jasmine-core\jasmine.js:4399:18)
                    at Object.&lt;anonymous> (C:\Users\nkanamadi\Documents\Project\ProtractorDemoTest\tests\LoginFormTest.js:6:1)
                    at Module._compile (internal/modules/cjs/loader.js:1158:30)
                    at Object.Module._extensions..js (internal/modules/cjs/loader.js:1178:10)
                    at Module.load (internal/modules/cjs/loader.js:1002:32)
                    at Function.Module._load (internal/modules/cjs/loader.js:901:14)</stack-trace>
            </failure>
        </test-case>
        <test-case start='1635245325602' status='failed' stop='1635245337624'>
            <name>Invalid credentials</name>
            <title>Invalid credentials</title>
            <labels/>
            <parameters/>
            <steps/>
            <attachments/>
            <failure>
                <message>Failed: unknown error: cannot determine loading status
                from disconnected: received Inspector.detached event
                  (Session info: chrome=94.0.4606.81)
                  (Driver info: chromedriver=94.0.4606.61 (418b78f5838ed0b1c69bb4e51ea0252171854915-refs/branch-heads/4606@{#1204}),platform=Windows NT 10.0.18363 x86_64)</message>
                <stack-trace>WebDriverError: unknown error: cannot determine loading status
                from disconnected: received Inspector.detached event
                  (Session info: chrome=94.0.4606.81)
                  (Driver info: chromedriver=94.0.4606.61 (418b78f5838ed0b1c69bb4e51ea0252171854915-refs/branch-heads/4606@{#1204}),platform=Windows NT 10.0.18363 x86_64)
                    at Object.checkLegacyResponse (C:\Users\nkanamadi\Documents\Project\ProtractorDemoTest\node_modules\selenium-webdriver\lib\error.js:546:15)
                    at parseHttpResponse (C:\Users\nkanamadi\Documents\Project\ProtractorDemoTest\node_modules\selenium-webdriver\lib\http.js:509:13)
                    at C:\Users\nkanamadi\Documents\Project\ProtractorDemoTest\node_modules\selenium-webdriver\lib\http.js:441:30
                    at processTicksAndRejections (internal/process/task_queues.js:97:5)
                From: Task: WebDriver.navigate().to(http://automationpractice.com/index.php?controller=authentication)
                    at Driver.schedule (C:\Users\nkanamadi\Documents\Project\ProtractorDemoTest\node_modules\selenium-webdriver\lib\webdriver.js:807:17)
                    at Navigation.to (C:\Users\nkanamadi\Documents\Project\ProtractorDemoTest\node_modules\selenium-webdriver\lib\webdriver.js:1133:25)
                    at Driver.get (C:\Users\nkanamadi\Documents\Project\ProtractorDemoTest\node_modules\selenium-webdriver\lib\webdriver.js:988:28)
                    at ProtractorBrowser.get (C:\Users\nkanamadi\Documents\Project\ProtractorDemoTest\node_modules\protractor\built\browser.js:653:32)
                    at UserContext.&lt;anonymous> (C:\Users\nkanamadi\Documents\Project\ProtractorDemoTest\tests\LoginFormTest.js:10:13)
                    at C:\Users\nkanamadi\Documents\Project\ProtractorDemoTest\node_modules\jasminewd2\index.js:112:25
                    at new ManagedPromise (C:\Users\nkanamadi\Documents\Project\ProtractorDemoTest\node_modules\selenium-webdriver\lib\promise.js:1077:7)
                    at ControlFlow.promise (C:\Users\nkanamadi\Documents\Project\ProtractorDemoTest\node_modules\selenium-webdriver\lib\promise.js:2505:12)
                    at schedulerExecute (C:\Users\nkanamadi\Documents\Project\ProtractorDemoTest\node_modules\jasminewd2\index.js:95:18)
                    at TaskQueue.execute_ (C:\Users\nkanamadi\Documents\Project\ProtractorDemoTest\node_modules\selenium-webdriver\lib\promise.js:3084:14)
                From: Task: Run beforeAll in control flow
                    at UserContext.&lt;anonymous> (C:\Users\nkanamadi\Documents\Project\ProtractorDemoTest\node_modules\jasminewd2\index.js:94:19)
                    at attempt (C:\Users\nkanamadi\Documents\Project\ProtractorDemoTest\node_modules\protractor\node_modules\jasmine-core\lib\jasmine-core\jasmine.js:4297:26)
                    at QueueRunner.run (C:\Users\nkanamadi\Documents\Project\ProtractorDemoTest\node_modules\protractor\node_modules\jasmine-core\lib\jasmine-core\jasmine.js:4217:20)
                    at QueueRunner.execute (C:\Users\nkanamadi\Documents\Project\ProtractorDemoTest\node_modules\protractor\node_modules\jasmine-core\lib\jasmine-core\jasmine.js:4199:10)
                    at queueRunnerFactory (C:\Users\nkanamadi\Documents\Project\ProtractorDemoTest\node_modules\protractor\node_modules\jasmine-core\lib\jasmine-core\jasmine.js:909:35)
                    at UserContext.fn (C:\Users\nkanamadi\Documents\Project\ProtractorDemoTest\node_modules\protractor\node_modules\jasmine-core\lib\jasmine-core\jasmine.js:5325:13)
                    at attempt (C:\Users\nkanamadi\Documents\Project\ProtractorDemoTest\node_modules\protractor\node_modules\jasmine-core\lib\jasmine-core\jasmine.js:4297:26)
                    at QueueRunner.run (C:\Users\nkanamadi\Documents\Project\ProtractorDemoTest\node_modules\protractor\node_modules\jasmine-core\lib\jasmine-core\jasmine.js:4217:20)
                    at QueueRunner.execute (C:\Users\nkanamadi\Documents\Project\ProtractorDemoTest\node_modules\protractor\node_modules\jasmine-core\lib\jasmine-core\jasmine.js:4199:10)
                    at queueRunnerFactory (C:\Users\nkanamadi\Documents\Project\ProtractorDemoTest\node_modules\protractor\node_modules\jasmine-core\lib\jasmine-core\jasmine.js:909:35)
                From asynchronous test: 
                Error
                    at Suite.&lt;anonymous> (C:\Users\nkanamadi\Documents\Project\ProtractorDemoTest\tests\LoginFormTest.js:8:3)
                    at addSpecsToSuite (C:\Users\nkanamadi\Documents\Project\ProtractorDemoTest\node_modules\protractor\node_modules\jasmine-core\lib\jasmine-core\jasmine.js:1107:25)
                    at Env.describe (C:\Users\nkanamadi\Documents\Project\ProtractorDemoTest\node_modules\protractor\node_modules\jasmine-core\lib\jasmine-core\jasmine.js:1074:7)
                    at describe (C:\Users\nkanamadi\Documents\Project\ProtractorDemoTest\node_modules\protractor\node_modules\jasmine-core\lib\jasmine-core\jasmine.js:4399:18)
                    at Object.&lt;anonymous> (C:\Users\nkanamadi\Documents\Project\ProtractorDemoTest\tests\LoginFormTest.js:6:1)
                    at Module._compile (internal/modules/cjs/loader.js:1158:30)
                    at Object.Module._extensions..js (internal/modules/cjs/loader.js:1178:10)
                    at Module.load (internal/modules/cjs/loader.js:1002:32)
                    at Function.Module._load (internal/modules/cjs/loader.js:901:14)</stack-trace>
            </failure>
        </test-case>
        <test-case start='1635245337624' status='failed' stop='1635245349648'>
            <name>Login without credentials</name>
            <title>Login without credentials</title>
            <labels/>
            <parameters/>
            <steps/>
            <attachments/>
            <failure>
                <message>Failed: unknown error: cannot determine loading status
                from disconnected: received Inspector.detached event
                  (Session info: chrome=94.0.4606.81)
                  (Driver info: chromedriver=94.0.4606.61 (418b78f5838ed0b1c69bb4e51ea0252171854915-refs/branch-heads/4606@{#1204}),platform=Windows NT 10.0.18363 x86_64)</message>
                <stack-trace>WebDriverError: unknown error: cannot determine loading status
                from disconnected: received Inspector.detached event
                  (Session info: chrome=94.0.4606.81)
                  (Driver info: chromedriver=94.0.4606.61 (418b78f5838ed0b1c69bb4e51ea0252171854915-refs/branch-heads/4606@{#1204}),platform=Windows NT 10.0.18363 x86_64)
                    at Object.checkLegacyResponse (C:\Users\nkanamadi\Documents\Project\ProtractorDemoTest\node_modules\selenium-webdriver\lib\error.js:546:15)
                    at parseHttpResponse (C:\Users\nkanamadi\Documents\Project\ProtractorDemoTest\node_modules\selenium-webdriver\lib\http.js:509:13)
                    at C:\Users\nkanamadi\Documents\Project\ProtractorDemoTest\node_modules\selenium-webdriver\lib\http.js:441:30
                    at processTicksAndRejections (internal/process/task_queues.js:97:5)
                From: Task: WebDriver.navigate().to(http://automationpractice.com/index.php?controller=authentication)
                    at Driver.schedule (C:\Users\nkanamadi\Documents\Project\ProtractorDemoTest\node_modules\selenium-webdriver\lib\webdriver.js:807:17)
                    at Navigation.to (C:\Users\nkanamadi\Documents\Project\ProtractorDemoTest\node_modules\selenium-webdriver\lib\webdriver.js:1133:25)
                    at Driver.get (C:\Users\nkanamadi\Documents\Project\ProtractorDemoTest\node_modules\selenium-webdriver\lib\webdriver.js:988:28)
                    at ProtractorBrowser.get (C:\Users\nkanamadi\Documents\Project\ProtractorDemoTest\node_modules\protractor\built\browser.js:653:32)
                    at UserContext.&lt;anonymous> (C:\Users\nkanamadi\Documents\Project\ProtractorDemoTest\tests\LoginFormTest.js:10:13)
                    at C:\Users\nkanamadi\Documents\Project\ProtractorDemoTest\node_modules\jasminewd2\index.js:112:25
                    at new ManagedPromise (C:\Users\nkanamadi\Documents\Project\ProtractorDemoTest\node_modules\selenium-webdriver\lib\promise.js:1077:7)
                    at ControlFlow.promise (C:\Users\nkanamadi\Documents\Project\ProtractorDemoTest\node_modules\selenium-webdriver\lib\promise.js:2505:12)
                    at schedulerExecute (C:\Users\nkanamadi\Documents\Project\ProtractorDemoTest\node_modules\jasminewd2\index.js:95:18)
                    at TaskQueue.execute_ (C:\Users\nkanamadi\Documents\Project\ProtractorDemoTest\node_modules\selenium-webdriver\lib\promise.js:3084:14)
                From: Task: Run beforeAll in control flow
                    at UserContext.&lt;anonymous> (C:\Users\nkanamadi\Documents\Project\ProtractorDemoTest\node_modules\jasminewd2\index.js:94:19)
                    at attempt (C:\Users\nkanamadi\Documents\Project\ProtractorDemoTest\node_modules\protractor\node_modules\jasmine-core\lib\jasmine-core\jasmine.js:4297:26)
                    at QueueRunner.run (C:\Users\nkanamadi\Documents\Project\ProtractorDemoTest\node_modules\protractor\node_modules\jasmine-core\lib\jasmine-core\jasmine.js:4217:20)
                    at QueueRunner.execute (C:\Users\nkanamadi\Documents\Project\ProtractorDemoTest\node_modules\protractor\node_modules\jasmine-core\lib\jasmine-core\jasmine.js:4199:10)
                    at queueRunnerFactory (C:\Users\nkanamadi\Documents\Project\ProtractorDemoTest\node_modules\protractor\node_modules\jasmine-core\lib\jasmine-core\jasmine.js:909:35)
                    at UserContext.fn (C:\Users\nkanamadi\Documents\Project\ProtractorDemoTest\node_modules\protractor\node_modules\jasmine-core\lib\jasmine-core\jasmine.js:5325:13)
                    at attempt (C:\Users\nkanamadi\Documents\Project\ProtractorDemoTest\node_modules\protractor\node_modules\jasmine-core\lib\jasmine-core\jasmine.js:4297:26)
                    at QueueRunner.run (C:\Users\nkanamadi\Documents\Project\ProtractorDemoTest\node_modules\protractor\node_modules\jasmine-core\lib\jasmine-core\jasmine.js:4217:20)
                    at QueueRunner.execute (C:\Users\nkanamadi\Documents\Project\ProtractorDemoTest\node_modules\protractor\node_modules\jasmine-core\lib\jasmine-core\jasmine.js:4199:10)
                    at queueRunnerFactory (C:\Users\nkanamadi\Documents\Project\ProtractorDemoTest\node_modules\protractor\node_modules\jasmine-core\lib\jasmine-core\jasmine.js:909:35)
                From asynchronous test: 
                Error
                    at Suite.&lt;anonymous> (C:\Users\nkanamadi\Documents\Project\ProtractorDemoTest\tests\LoginFormTest.js:8:3)
                    at addSpecsToSuite (C:\Users\nkanamadi\Documents\Project\ProtractorDemoTest\node_modules\protractor\node_modules\jasmine-core\lib\jasmine-core\jasmine.js:1107:25)
                    at Env.describe (C:\Users\nkanamadi\Documents\Project\ProtractorDemoTest\node_modules\protractor\node_modules\jasmine-core\lib\jasmine-core\jasmine.js:1074:7)
                    at describe (C:\Users\nkanamadi\Documents\Project\ProtractorDemoTest\node_modules\protractor\node_modules\jasmine-core\lib\jasmine-core\jasmine.js:4399:18)
                    at Object.&lt;anonymous> (C:\Users\nkanamadi\Documents\Project\ProtractorDemoTest\tests\LoginFormTest.js:6:1)
                    at Module._compile (internal/modules/cjs/loader.js:1158:30)
                    at Object.Module._extensions..js (internal/modules/cjs/loader.js:1178:10)
                    at Module.load (internal/modules/cjs/loader.js:1002:32)
                    at Function.Module._load (internal/modules/cjs/loader.js:901:14)</stack-trace>
            </failure>
        </test-case>
        <test-case start='1635245349648' status='failed' stop='1635245361670'>
            <name>Email Format highlighted Red/Green</name>
            <title>Email Format highlighted Red/Green</title>
            <labels/>
            <parameters/>
            <steps/>
            <attachments/>
            <failure>
                <message>Failed: unknown error: cannot determine loading status
                from disconnected: received Inspector.detached event
                  (Session info: chrome=94.0.4606.81)
                  (Driver info: chromedriver=94.0.4606.61 (418b78f5838ed0b1c69bb4e51ea0252171854915-refs/branch-heads/4606@{#1204}),platform=Windows NT 10.0.18363 x86_64)</message>
                <stack-trace>WebDriverError: unknown error: cannot determine loading status
                from disconnected: received Inspector.detached event
                  (Session info: chrome=94.0.4606.81)
                  (Driver info: chromedriver=94.0.4606.61 (418b78f5838ed0b1c69bb4e51ea0252171854915-refs/branch-heads/4606@{#1204}),platform=Windows NT 10.0.18363 x86_64)
                    at Object.checkLegacyResponse (C:\Users\nkanamadi\Documents\Project\ProtractorDemoTest\node_modules\selenium-webdriver\lib\error.js:546:15)
                    at parseHttpResponse (C:\Users\nkanamadi\Documents\Project\ProtractorDemoTest\node_modules\selenium-webdriver\lib\http.js:509:13)
                    at C:\Users\nkanamadi\Documents\Project\ProtractorDemoTest\node_modules\selenium-webdriver\lib\http.js:441:30
                    at processTicksAndRejections (internal/process/task_queues.js:97:5)
                From: Task: WebDriver.navigate().to(http://automationpractice.com/index.php?controller=authentication)
                    at Driver.schedule (C:\Users\nkanamadi\Documents\Project\ProtractorDemoTest\node_modules\selenium-webdriver\lib\webdriver.js:807:17)
                    at Navigation.to (C:\Users\nkanamadi\Documents\Project\ProtractorDemoTest\node_modules\selenium-webdriver\lib\webdriver.js:1133:25)
                    at Driver.get (C:\Users\nkanamadi\Documents\Project\ProtractorDemoTest\node_modules\selenium-webdriver\lib\webdriver.js:988:28)
                    at ProtractorBrowser.get (C:\Users\nkanamadi\Documents\Project\ProtractorDemoTest\node_modules\protractor\built\browser.js:653:32)
                    at UserContext.&lt;anonymous> (C:\Users\nkanamadi\Documents\Project\ProtractorDemoTest\tests\LoginFormTest.js:10:13)
                    at C:\Users\nkanamadi\Documents\Project\ProtractorDemoTest\node_modules\jasminewd2\index.js:112:25
                    at new ManagedPromise (C:\Users\nkanamadi\Documents\Project\ProtractorDemoTest\node_modules\selenium-webdriver\lib\promise.js:1077:7)
                    at ControlFlow.promise (C:\Users\nkanamadi\Documents\Project\ProtractorDemoTest\node_modules\selenium-webdriver\lib\promise.js:2505:12)
                    at schedulerExecute (C:\Users\nkanamadi\Documents\Project\ProtractorDemoTest\node_modules\jasminewd2\index.js:95:18)
                    at TaskQueue.execute_ (C:\Users\nkanamadi\Documents\Project\ProtractorDemoTest\node_modules\selenium-webdriver\lib\promise.js:3084:14)
                From: Task: Run beforeAll in control flow
                    at UserContext.&lt;anonymous> (C:\Users\nkanamadi\Documents\Project\ProtractorDemoTest\node_modules\jasminewd2\index.js:94:19)
                    at attempt (C:\Users\nkanamadi\Documents\Project\ProtractorDemoTest\node_modules\protractor\node_modules\jasmine-core\lib\jasmine-core\jasmine.js:4297:26)
                    at QueueRunner.run (C:\Users\nkanamadi\Documents\Project\ProtractorDemoTest\node_modules\protractor\node_modules\jasmine-core\lib\jasmine-core\jasmine.js:4217:20)
                    at QueueRunner.execute (C:\Users\nkanamadi\Documents\Project\ProtractorDemoTest\node_modules\protractor\node_modules\jasmine-core\lib\jasmine-core\jasmine.js:4199:10)
                    at queueRunnerFactory (C:\Users\nkanamadi\Documents\Project\ProtractorDemoTest\node_modules\protractor\node_modules\jasmine-core\lib\jasmine-core\jasmine.js:909:35)
                    at UserContext.fn (C:\Users\nkanamadi\Documents\Project\ProtractorDemoTest\node_modules\protractor\node_modules\jasmine-core\lib\jasmine-core\jasmine.js:5325:13)
                    at attempt (C:\Users\nkanamadi\Documents\Project\ProtractorDemoTest\node_modules\protractor\node_modules\jasmine-core\lib\jasmine-core\jasmine.js:4297:26)
                    at QueueRunner.run (C:\Users\nkanamadi\Documents\Project\ProtractorDemoTest\node_modules\protractor\node_modules\jasmine-core\lib\jasmine-core\jasmine.js:4217:20)
                    at QueueRunner.execute (C:\Users\nkanamadi\Documents\Project\ProtractorDemoTest\node_modules\protractor\node_modules\jasmine-core\lib\jasmine-core\jasmine.js:4199:10)
                    at queueRunnerFactory (C:\Users\nkanamadi\Documents\Project\ProtractorDemoTest\node_modules\protractor\node_modules\jasmine-core\lib\jasmine-core\jasmine.js:909:35)
                From asynchronous test: 
                Error
                    at Suite.&lt;anonymous> (C:\Users\nkanamadi\Documents\Project\ProtractorDemoTest\tests\LoginFormTest.js:8:3)
                    at addSpecsToSuite (C:\Users\nkanamadi\Documents\Project\ProtractorDemoTest\node_modules\protractor\node_modules\jasmine-core\lib\jasmine-core\jasmine.js:1107:25)
                    at Env.describe (C:\Users\nkanamadi\Documents\Project\ProtractorDemoTest\node_modules\protractor\node_modules\jasmine-core\lib\jasmine-core\jasmine.js:1074:7)
                    at describe (C:\Users\nkanamadi\Documents\Project\ProtractorDemoTest\node_modules\protractor\node_modules\jasmine-core\lib\jasmine-core\jasmine.js:4399:18)
                    at Object.&lt;anonymous> (C:\Users\nkanamadi\Documents\Project\ProtractorDemoTest\tests\LoginFormTest.js:6:1)
                    at Module._compile (internal/modules/cjs/loader.js:1158:30)
                    at Object.Module._extensions..js (internal/modules/cjs/loader.js:1178:10)
                    at Module.load (internal/modules/cjs/loader.js:1002:32)
                    at Function.Module._load (internal/modules/cjs/loader.js:901:14)</stack-trace>
            </failure>
        </test-case>
        <test-case start='1635245361670' status='failed' stop='1635245373696'>
            <name>Successful Login</name>
            <title>Successful Login</title>
            <labels/>
            <parameters/>
            <steps/>
            <attachments/>
            <failure>
                <message>Failed: unknown error: cannot determine loading status
                from disconnected: received Inspector.detached event
                  (Session info: chrome=94.0.4606.81)
                  (Driver info: chromedriver=94.0.4606.61 (418b78f5838ed0b1c69bb4e51ea0252171854915-refs/branch-heads/4606@{#1204}),platform=Windows NT 10.0.18363 x86_64)</message>
                <stack-trace>WebDriverError: unknown error: cannot determine loading status
                from disconnected: received Inspector.detached event
                  (Session info: chrome=94.0.4606.81)
                  (Driver info: chromedriver=94.0.4606.61 (418b78f5838ed0b1c69bb4e51ea0252171854915-refs/branch-heads/4606@{#1204}),platform=Windows NT 10.0.18363 x86_64)
                    at Object.checkLegacyResponse (C:\Users\nkanamadi\Documents\Project\ProtractorDemoTest\node_modules\selenium-webdriver\lib\error.js:546:15)
                    at parseHttpResponse (C:\Users\nkanamadi\Documents\Project\ProtractorDemoTest\node_modules\selenium-webdriver\lib\http.js:509:13)
                    at C:\Users\nkanamadi\Documents\Project\ProtractorDemoTest\node_modules\selenium-webdriver\lib\http.js:441:30
                    at processTicksAndRejections (internal/process/task_queues.js:97:5)
                From: Task: WebDriver.navigate().to(http://automationpractice.com/index.php?controller=authentication)
                    at Driver.schedule (C:\Users\nkanamadi\Documents\Project\ProtractorDemoTest\node_modules\selenium-webdriver\lib\webdriver.js:807:17)
                    at Navigation.to (C:\Users\nkanamadi\Documents\Project\ProtractorDemoTest\node_modules\selenium-webdriver\lib\webdriver.js:1133:25)
                    at Driver.get (C:\Users\nkanamadi\Documents\Project\ProtractorDemoTest\node_modules\selenium-webdriver\lib\webdriver.js:988:28)
                    at ProtractorBrowser.get (C:\Users\nkanamadi\Documents\Project\ProtractorDemoTest\node_modules\protractor\built\browser.js:653:32)
                    at UserContext.&lt;anonymous> (C:\Users\nkanamadi\Documents\Project\ProtractorDemoTest\tests\LoginFormTest.js:10:13)
                    at C:\Users\nkanamadi\Documents\Project\ProtractorDemoTest\node_modules\jasminewd2\index.js:112:25
                    at new ManagedPromise (C:\Users\nkanamadi\Documents\Project\ProtractorDemoTest\node_modules\selenium-webdriver\lib\promise.js:1077:7)
                    at ControlFlow.promise (C:\Users\nkanamadi\Documents\Project\ProtractorDemoTest\node_modules\selenium-webdriver\lib\promise.js:2505:12)
                    at schedulerExecute (C:\Users\nkanamadi\Documents\Project\ProtractorDemoTest\node_modules\jasminewd2\index.js:95:18)
                    at TaskQueue.execute_ (C:\Users\nkanamadi\Documents\Project\ProtractorDemoTest\node_modules\selenium-webdriver\lib\promise.js:3084:14)
                From: Task: Run beforeAll in control flow
                    at UserContext.&lt;anonymous> (C:\Users\nkanamadi\Documents\Project\ProtractorDemoTest\node_modules\jasminewd2\index.js:94:19)
                    at attempt (C:\Users\nkanamadi\Documents\Project\ProtractorDemoTest\node_modules\protractor\node_modules\jasmine-core\lib\jasmine-core\jasmine.js:4297:26)
                    at QueueRunner.run (C:\Users\nkanamadi\Documents\Project\ProtractorDemoTest\node_modules\protractor\node_modules\jasmine-core\lib\jasmine-core\jasmine.js:4217:20)
                    at QueueRunner.execute (C:\Users\nkanamadi\Documents\Project\ProtractorDemoTest\node_modules\protractor\node_modules\jasmine-core\lib\jasmine-core\jasmine.js:4199:10)
                    at queueRunnerFactory (C:\Users\nkanamadi\Documents\Project\ProtractorDemoTest\node_modules\protractor\node_modules\jasmine-core\lib\jasmine-core\jasmine.js:909:35)
                    at UserContext.fn (C:\Users\nkanamadi\Documents\Project\ProtractorDemoTest\node_modules\protractor\node_modules\jasmine-core\lib\jasmine-core\jasmine.js:5325:13)
                    at attempt (C:\Users\nkanamadi\Documents\Project\ProtractorDemoTest\node_modules\protractor\node_modules\jasmine-core\lib\jasmine-core\jasmine.js:4297:26)
                    at QueueRunner.run (C:\Users\nkanamadi\Documents\Project\ProtractorDemoTest\node_modules\protractor\node_modules\jasmine-core\lib\jasmine-core\jasmine.js:4217:20)
                    at QueueRunner.execute (C:\Users\nkanamadi\Documents\Project\ProtractorDemoTest\node_modules\protractor\node_modules\jasmine-core\lib\jasmine-core\jasmine.js:4199:10)
                    at queueRunnerFactory (C:\Users\nkanamadi\Documents\Project\ProtractorDemoTest\node_modules\protractor\node_modules\jasmine-core\lib\jasmine-core\jasmine.js:909:35)
                From asynchronous test: 
                Error
                    at Suite.&lt;anonymous> (C:\Users\nkanamadi\Documents\Project\ProtractorDemoTest\tests\LoginFormTest.js:8:3)
                    at addSpecsToSuite (C:\Users\nkanamadi\Documents\Project\ProtractorDemoTest\node_modules\protractor\node_modules\jasmine-core\lib\jasmine-core\jasmine.js:1107:25)
                    at Env.describe (C:\Users\nkanamadi\Documents\Project\ProtractorDemoTest\node_modules\protractor\node_modules\jasmine-core\lib\jasmine-core\jasmine.js:1074:7)
                    at describe (C:\Users\nkanamadi\Documents\Project\ProtractorDemoTest\node_modules\protractor\node_modules\jasmine-core\lib\jasmine-core\jasmine.js:4399:18)
                    at Object.&lt;anonymous> (C:\Users\nkanamadi\Documents\Project\ProtractorDemoTest\tests\LoginFormTest.js:6:1)
                    at Module._compile (internal/modules/cjs/loader.js:1158:30)
                    at Object.Module._extensions..js (internal/modules/cjs/loader.js:1178:10)
                    at Module.load (internal/modules/cjs/loader.js:1002:32)
                    at Function.Module._load (internal/modules/cjs/loader.js:901:14)</stack-trace>
            </failure>
        </test-case>
    </test-cases>
</ns2:test-suite>